[0.372s] DEBUG:colcon:Command line arguments: ['/usr/bin/colcon', 'build', '--symlink-install']
[0.372s] DEBUG:colcon:Parsed command line arguments: Namespace(log_base=None, log_level=None, verb_name='build', build_base='build', install_base='install', merge_install=False, symlink_install=True, test_result_base=None, continue_on_error=False, executor='parallel', parallel_workers=16, event_handlers=None, ignore_user_meta=False, metas=['./colcon.meta'], base_paths=['.'], packages_ignore=None, packages_ignore_regex=None, paths=None, packages_up_to=None, packages_up_to_regex=None, packages_above=None, packages_above_and_dependencies=None, packages_above_depth=None, packages_select_by_dep=None, packages_skip_by_dep=None, packages_skip_up_to=None, packages_select_build_failed=False, packages_skip_build_finished=False, packages_select_test_failures=False, packages_skip_test_passed=False, packages_select=None, packages_skip=None, packages_select_regex=None, packages_skip_regex=None, packages_start=None, packages_end=None, allow_overriding=[], cmake_args=None, cmake_target=None, cmake_target_skip_unavailable=False, cmake_clean_cache=False, cmake_clean_first=False, cmake_force_configure=False, ament_cmake_args=None, catkin_cmake_args=None, catkin_skip_building_tests=False, mixin_files=None, mixin=None, verb_parser=<colcon_mixin.mixin.mixin_argument.MixinArgumentDecorator object at 0x7e9697a41540>, verb_extension=<colcon_core.verb.build.BuildVerb object at 0x7e9697b42530>, main=<bound method BuildVerb.main of <colcon_core.verb.build.BuildVerb object at 0x7e9697b42530>>, mixin_verb=('build',))
[0.797s] Level 1:colcon.colcon_core.package_discovery:discover_packages(colcon_meta) check parameters
[0.798s] Level 1:colcon.colcon_core.package_discovery:discover_packages(recursive) check parameters
[0.798s] Level 1:colcon.colcon_core.package_discovery:discover_packages(ignore) check parameters
[0.798s] Level 1:colcon.colcon_core.package_discovery:discover_packages(path) check parameters
[0.798s] Level 1:colcon.colcon_core.package_discovery:discover_packages(colcon_meta) discover
[0.798s] Level 1:colcon.colcon_core.package_discovery:discover_packages(recursive) discover
[0.798s] INFO:colcon.colcon_core.package_discovery:Crawling recursively for packages in '/home/xytron/xycar_ws'
[0.798s] Level 1:colcon.colcon_core.package_identification:_identify(.) by extensions ['ignore', 'ignore_ament_install']
[0.798s] Level 1:colcon.colcon_core.package_identification:_identify(.) by extension 'ignore'
[0.798s] Level 1:colcon.colcon_core.package_identification:_identify(.) by extension 'ignore_ament_install'
[0.798s] Level 1:colcon.colcon_core.package_identification:_identify(.) by extensions ['colcon_pkg']
[0.798s] Level 1:colcon.colcon_core.package_identification:_identify(.) by extension 'colcon_pkg'
[0.798s] Level 1:colcon.colcon_core.package_identification:_identify(.) by extensions ['colcon_meta']
[0.799s] Level 1:colcon.colcon_core.package_identification:_identify(.) by extension 'colcon_meta'
[0.799s] Level 1:colcon.colcon_core.package_identification:_identify(.) by extensions ['ros']
[0.799s] Level 1:colcon.colcon_core.package_identification:_identify(.) by extension 'ros'
[0.815s] Level 1:colcon.colcon_core.package_identification:_identify(.) by extensions ['cmake', 'python']
[0.815s] Level 1:colcon.colcon_core.package_identification:_identify(.) by extension 'cmake'
[0.815s] Level 1:colcon.colcon_core.package_identification:_identify(.) by extension 'python'
[0.816s] Level 1:colcon.colcon_core.package_identification:_identify(.) by extensions ['python_setup_py']
[0.816s] Level 1:colcon.colcon_core.package_identification:_identify(.) by extension 'python_setup_py'
[0.816s] Level 1:colcon.colcon_core.package_identification:_identify(build) by extensions ['ignore', 'ignore_ament_install']
[0.816s] Level 1:colcon.colcon_core.package_identification:_identify(build) by extension 'ignore'
[0.816s] Level 1:colcon.colcon_core.package_identification:_identify(build) ignored
[0.817s] Level 1:colcon.colcon_core.package_identification:_identify(install) by extensions ['ignore', 'ignore_ament_install']
[0.817s] Level 1:colcon.colcon_core.package_identification:_identify(install) by extension 'ignore'
[0.817s] Level 1:colcon.colcon_core.package_identification:_identify(install) ignored
[0.817s] Level 1:colcon.colcon_core.package_identification:_identify(log) by extensions ['ignore', 'ignore_ament_install']
[0.817s] Level 1:colcon.colcon_core.package_identification:_identify(log) by extension 'ignore'
[0.817s] Level 1:colcon.colcon_core.package_identification:_identify(log) ignored
[0.818s] Level 1:colcon.colcon_core.package_identification:_identify(src) by extensions ['ignore', 'ignore_ament_install']
[0.818s] Level 1:colcon.colcon_core.package_identification:_identify(src) by extension 'ignore'
[0.818s] Level 1:colcon.colcon_core.package_identification:_identify(src) by extension 'ignore_ament_install'
[0.818s] Level 1:colcon.colcon_core.package_identification:_identify(src) by extensions ['colcon_pkg']
[0.818s] Level 1:colcon.colcon_core.package_identification:_identify(src) by extension 'colcon_pkg'
[0.818s] Level 1:colcon.colcon_core.package_identification:_identify(src) by extensions ['colcon_meta']
[0.818s] Level 1:colcon.colcon_core.package_identification:_identify(src) by extension 'colcon_meta'
[0.818s] Level 1:colcon.colcon_core.package_identification:_identify(src) by extensions ['ros']
[0.818s] Level 1:colcon.colcon_core.package_identification:_identify(src) by extension 'ros'
[0.818s] Level 1:colcon.colcon_core.package_identification:_identify(src) by extensions ['cmake', 'python']
[0.818s] Level 1:colcon.colcon_core.package_identification:_identify(src) by extension 'cmake'
[0.818s] Level 1:colcon.colcon_core.package_identification:_identify(src) by extension 'python'
[0.818s] Level 1:colcon.colcon_core.package_identification:_identify(src) by extensions ['python_setup_py']
[0.818s] Level 1:colcon.colcon_core.package_identification:_identify(src) by extension 'python_setup_py'
[0.818s] Level 1:colcon.colcon_core.package_identification:_identify(src/ROS-TCP-Endpoint-main-ros2) by extensions ['ignore', 'ignore_ament_install']
[0.819s] Level 1:colcon.colcon_core.package_identification:_identify(src/ROS-TCP-Endpoint-main-ros2) by extension 'ignore'
[0.819s] Level 1:colcon.colcon_core.package_identification:_identify(src/ROS-TCP-Endpoint-main-ros2) by extension 'ignore_ament_install'
[0.819s] Level 1:colcon.colcon_core.package_identification:_identify(src/ROS-TCP-Endpoint-main-ros2) by extensions ['colcon_pkg']
[0.819s] Level 1:colcon.colcon_core.package_identification:_identify(src/ROS-TCP-Endpoint-main-ros2) by extension 'colcon_pkg'
[0.819s] Level 1:colcon.colcon_core.package_identification:_identify(src/ROS-TCP-Endpoint-main-ros2) by extensions ['colcon_meta']
[0.819s] Level 1:colcon.colcon_core.package_identification:_identify(src/ROS-TCP-Endpoint-main-ros2) by extension 'colcon_meta'
[0.819s] Level 1:colcon.colcon_core.package_identification:_identify(src/ROS-TCP-Endpoint-main-ros2) by extensions ['ros']
[0.819s] Level 1:colcon.colcon_core.package_identification:_identify(src/ROS-TCP-Endpoint-main-ros2) by extension 'ros'
[0.828s] DEBUG:colcon.colcon_core.package_identification:Package 'src/ROS-TCP-Endpoint-main-ros2' with type 'ros.ament_python' and name 'ros_tcp_endpoint'
[0.829s] Level 1:colcon.colcon_core.package_identification:_identify(src/kookmin9_viewer) by extensions ['ignore', 'ignore_ament_install']
[0.829s] Level 1:colcon.colcon_core.package_identification:_identify(src/kookmin9_viewer) by extension 'ignore'
[0.829s] Level 1:colcon.colcon_core.package_identification:_identify(src/kookmin9_viewer) by extension 'ignore_ament_install'
[0.829s] Level 1:colcon.colcon_core.package_identification:_identify(src/kookmin9_viewer) by extensions ['colcon_pkg']
[0.829s] Level 1:colcon.colcon_core.package_identification:_identify(src/kookmin9_viewer) by extension 'colcon_pkg'
[0.829s] Level 1:colcon.colcon_core.package_identification:_identify(src/kookmin9_viewer) by extensions ['colcon_meta']
[0.829s] Level 1:colcon.colcon_core.package_identification:_identify(src/kookmin9_viewer) by extension 'colcon_meta'
[0.829s] Level 1:colcon.colcon_core.package_identification:_identify(src/kookmin9_viewer) by extensions ['ros']
[0.829s] Level 1:colcon.colcon_core.package_identification:_identify(src/kookmin9_viewer) by extension 'ros'
[0.830s] DEBUG:colcon.colcon_core.package_identification:Package 'src/kookmin9_viewer' with type 'ros.ament_python' and name 'kookmin9_viewer'
[0.831s] Level 1:colcon.colcon_core.package_identification:_identify(src/my_cam) by extensions ['ignore', 'ignore_ament_install']
[0.831s] Level 1:colcon.colcon_core.package_identification:_identify(src/my_cam) by extension 'ignore'
[0.831s] Level 1:colcon.colcon_core.package_identification:_identify(src/my_cam) by extension 'ignore_ament_install'
[0.831s] Level 1:colcon.colcon_core.package_identification:_identify(src/my_cam) by extensions ['colcon_pkg']
[0.831s] Level 1:colcon.colcon_core.package_identification:_identify(src/my_cam) by extension 'colcon_pkg'
[0.831s] Level 1:colcon.colcon_core.package_identification:_identify(src/my_cam) by extensions ['colcon_meta']
[0.831s] Level 1:colcon.colcon_core.package_identification:_identify(src/my_cam) by extension 'colcon_meta'
[0.831s] Level 1:colcon.colcon_core.package_identification:_identify(src/my_cam) by extensions ['ros']
[0.831s] Level 1:colcon.colcon_core.package_identification:_identify(src/my_cam) by extension 'ros'
[0.832s] DEBUG:colcon.colcon_core.package_identification:Package 'src/my_cam' with type 'ros.ament_python' and name 'my_cam'
[0.832s] Level 1:colcon.colcon_core.package_identification:_identify(src/my_imu) by extensions ['ignore', 'ignore_ament_install']
[0.832s] Level 1:colcon.colcon_core.package_identification:_identify(src/my_imu) by extension 'ignore'
[0.832s] Level 1:colcon.colcon_core.package_identification:_identify(src/my_imu) by extension 'ignore_ament_install'
[0.832s] Level 1:colcon.colcon_core.package_identification:_identify(src/my_imu) by extensions ['colcon_pkg']
[0.832s] Level 1:colcon.colcon_core.package_identification:_identify(src/my_imu) by extension 'colcon_pkg'
[0.832s] Level 1:colcon.colcon_core.package_identification:_identify(src/my_imu) by extensions ['colcon_meta']
[0.832s] Level 1:colcon.colcon_core.package_identification:_identify(src/my_imu) by extension 'colcon_meta'
[0.832s] Level 1:colcon.colcon_core.package_identification:_identify(src/my_imu) by extensions ['ros']
[0.832s] Level 1:colcon.colcon_core.package_identification:_identify(src/my_imu) by extension 'ros'
[0.833s] DEBUG:colcon.colcon_core.package_identification:Package 'src/my_imu' with type 'ros.ament_python' and name 'my_imu'
[0.833s] Level 1:colcon.colcon_core.package_identification:_identify(src/my_lidar) by extensions ['ignore', 'ignore_ament_install']
[0.833s] Level 1:colcon.colcon_core.package_identification:_identify(src/my_lidar) by extension 'ignore'
[0.833s] Level 1:colcon.colcon_core.package_identification:_identify(src/my_lidar) by extension 'ignore_ament_install'
[0.834s] Level 1:colcon.colcon_core.package_identification:_identify(src/my_lidar) by extensions ['colcon_pkg']
[0.834s] Level 1:colcon.colcon_core.package_identification:_identify(src/my_lidar) by extension 'colcon_pkg'
[0.834s] Level 1:colcon.colcon_core.package_identification:_identify(src/my_lidar) by extensions ['colcon_meta']
[0.834s] Level 1:colcon.colcon_core.package_identification:_identify(src/my_lidar) by extension 'colcon_meta'
[0.834s] Level 1:colcon.colcon_core.package_identification:_identify(src/my_lidar) by extensions ['ros']
[0.834s] Level 1:colcon.colcon_core.package_identification:_identify(src/my_lidar) by extension 'ros'
[0.834s] DEBUG:colcon.colcon_core.package_identification:Package 'src/my_lidar' with type 'ros.ament_python' and name 'my_lidar'
[0.835s] Level 1:colcon.colcon_core.package_identification:_identify(src/my_motor) by extensions ['ignore', 'ignore_ament_install']
[0.835s] Level 1:colcon.colcon_core.package_identification:_identify(src/my_motor) by extension 'ignore'
[0.835s] Level 1:colcon.colcon_core.package_identification:_identify(src/my_motor) by extension 'ignore_ament_install'
[0.835s] Level 1:colcon.colcon_core.package_identification:_identify(src/my_motor) by extensions ['colcon_pkg']
[0.835s] Level 1:colcon.colcon_core.package_identification:_identify(src/my_motor) by extension 'colcon_pkg'
[0.835s] Level 1:colcon.colcon_core.package_identification:_identify(src/my_motor) by extensions ['colcon_meta']
[0.835s] Level 1:colcon.colcon_core.package_identification:_identify(src/my_motor) by extension 'colcon_meta'
[0.835s] Level 1:colcon.colcon_core.package_identification:_identify(src/my_motor) by extensions ['ros']
[0.835s] Level 1:colcon.colcon_core.package_identification:_identify(src/my_motor) by extension 'ros'
[0.836s] DEBUG:colcon.colcon_core.package_identification:Package 'src/my_motor' with type 'ros.ament_python' and name 'my_motor'
[0.836s] Level 1:colcon.colcon_core.package_identification:_identify(src/track_drive) by extensions ['ignore', 'ignore_ament_install']
[0.836s] Level 1:colcon.colcon_core.package_identification:_identify(src/track_drive) by extension 'ignore'
[0.836s] Level 1:colcon.colcon_core.package_identification:_identify(src/track_drive) by extension 'ignore_ament_install'
[0.836s] Level 1:colcon.colcon_core.package_identification:_identify(src/track_drive) by extensions ['colcon_pkg']
[0.836s] Level 1:colcon.colcon_core.package_identification:_identify(src/track_drive) by extension 'colcon_pkg'
[0.836s] Level 1:colcon.colcon_core.package_identification:_identify(src/track_drive) by extensions ['colcon_meta']
[0.836s] Level 1:colcon.colcon_core.package_identification:_identify(src/track_drive) by extension 'colcon_meta'
[0.836s] Level 1:colcon.colcon_core.package_identification:_identify(src/track_drive) by extensions ['ros']
[0.836s] Level 1:colcon.colcon_core.package_identification:_identify(src/track_drive) by extension 'ros'
[0.837s] DEBUG:colcon.colcon_core.package_identification:Package 'src/track_drive' with type 'ros.ament_python' and name 'track_drive'
[0.837s] Level 1:colcon.colcon_core.package_identification:_identify(src/xycar_msgs) by extensions ['ignore', 'ignore_ament_install']
[0.837s] Level 1:colcon.colcon_core.package_identification:_identify(src/xycar_msgs) by extension 'ignore'
[0.837s] Level 1:colcon.colcon_core.package_identification:_identify(src/xycar_msgs) by extension 'ignore_ament_install'
[0.837s] Level 1:colcon.colcon_core.package_identification:_identify(src/xycar_msgs) by extensions ['colcon_pkg']
[0.837s] Level 1:colcon.colcon_core.package_identification:_identify(src/xycar_msgs) by extension 'colcon_pkg'
[0.837s] Level 1:colcon.colcon_core.package_identification:_identify(src/xycar_msgs) by extensions ['colcon_meta']
[0.837s] Level 1:colcon.colcon_core.package_identification:_identify(src/xycar_msgs) by extension 'colcon_meta'
[0.838s] Level 1:colcon.colcon_core.package_identification:_identify(src/xycar_msgs) by extensions ['ros']
[0.838s] Level 1:colcon.colcon_core.package_identification:_identify(src/xycar_msgs) by extension 'ros'
[0.839s] DEBUG:colcon.colcon_core.package_identification:Package 'src/xycar_msgs' with type 'ros.ament_cmake' and name 'xycar_msgs'
[0.839s] Level 1:colcon.colcon_core.package_discovery:discover_packages(recursive) using defaults
[0.839s] Level 1:colcon.colcon_core.package_discovery:discover_packages(ignore) discover
[0.839s] Level 1:colcon.colcon_core.package_discovery:discover_packages(ignore) using defaults
[0.839s] Level 1:colcon.colcon_core.package_discovery:discover_packages(path) discover
[0.839s] Level 1:colcon.colcon_core.package_discovery:discover_packages(path) using defaults
[0.900s] Level 1:colcon.colcon_core.package_discovery:discover_packages(prefix_path) check parameters
[0.900s] Level 1:colcon.colcon_core.package_discovery:discover_packages(prefix_path) discover
[0.905s] DEBUG:colcon.colcon_installed_package_information.package_discovery:Found 0 installed packages in /home/xytron/xycar_ws/install
[0.907s] DEBUG:colcon.colcon_installed_package_information.package_discovery:Found 273 installed packages in /opt/ros/humble
[0.908s] Level 1:colcon.colcon_core.package_discovery:discover_packages(prefix_path) using defaults
[1.003s] Level 5:colcon.colcon_core.verb:set package 'my_imu' build argument 'cmake_args' from command line to 'None'
[1.003s] Level 5:colcon.colcon_core.verb:set package 'my_imu' build argument 'cmake_target' from command line to 'None'
[1.003s] Level 5:colcon.colcon_core.verb:set package 'my_imu' build argument 'cmake_target_skip_unavailable' from command line to 'False'
[1.003s] Level 5:colcon.colcon_core.verb:set package 'my_imu' build argument 'cmake_clean_cache' from command line to 'False'
[1.003s] Level 5:colcon.colcon_core.verb:set package 'my_imu' build argument 'cmake_clean_first' from command line to 'False'
[1.003s] Level 5:colcon.colcon_core.verb:set package 'my_imu' build argument 'cmake_force_configure' from command line to 'False'
[1.003s] Level 5:colcon.colcon_core.verb:set package 'my_imu' build argument 'ament_cmake_args' from command line to 'None'
[1.003s] Level 5:colcon.colcon_core.verb:set package 'my_imu' build argument 'catkin_cmake_args' from command line to 'None'
[1.003s] Level 5:colcon.colcon_core.verb:set package 'my_imu' build argument 'catkin_skip_building_tests' from command line to 'False'
[1.003s] DEBUG:colcon.colcon_core.verb:Building package 'my_imu' with the following arguments: {'ament_cmake_args': None, 'build_base': '/home/xytron/xycar_ws/build/my_imu', 'catkin_cmake_args': None, 'catkin_skip_building_tests': False, 'cmake_args': None, 'cmake_clean_cache': False, 'cmake_clean_first': False, 'cmake_force_configure': False, 'cmake_target': None, 'cmake_target_skip_unavailable': False, 'install_base': '/home/xytron/xycar_ws/install/my_imu', 'merge_install': False, 'path': '/home/xytron/xycar_ws/src/my_imu', 'symlink_install': True, 'test_result_base': None}
[1.003s] Level 5:colcon.colcon_core.verb:set package 'my_motor' build argument 'cmake_args' from command line to 'None'
[1.003s] Level 5:colcon.colcon_core.verb:set package 'my_motor' build argument 'cmake_target' from command line to 'None'
[1.003s] Level 5:colcon.colcon_core.verb:set package 'my_motor' build argument 'cmake_target_skip_unavailable' from command line to 'False'
[1.004s] Level 5:colcon.colcon_core.verb:set package 'my_motor' build argument 'cmake_clean_cache' from command line to 'False'
[1.004s] Level 5:colcon.colcon_core.verb:set package 'my_motor' build argument 'cmake_clean_first' from command line to 'False'
[1.004s] Level 5:colcon.colcon_core.verb:set package 'my_motor' build argument 'cmake_force_configure' from command line to 'False'
[1.004s] Level 5:colcon.colcon_core.verb:set package 'my_motor' build argument 'ament_cmake_args' from command line to 'None'
[1.004s] Level 5:colcon.colcon_core.verb:set package 'my_motor' build argument 'catkin_cmake_args' from command line to 'None'
[1.004s] Level 5:colcon.colcon_core.verb:set package 'my_motor' build argument 'catkin_skip_building_tests' from command line to 'False'
[1.004s] DEBUG:colcon.colcon_core.verb:Building package 'my_motor' with the following arguments: {'ament_cmake_args': None, 'build_base': '/home/xytron/xycar_ws/build/my_motor', 'catkin_cmake_args': None, 'catkin_skip_building_tests': False, 'cmake_args': None, 'cmake_clean_cache': False, 'cmake_clean_first': False, 'cmake_force_configure': False, 'cmake_target': None, 'cmake_target_skip_unavailable': False, 'install_base': '/home/xytron/xycar_ws/install/my_motor', 'merge_install': False, 'path': '/home/xytron/xycar_ws/src/my_motor', 'symlink_install': True, 'test_result_base': None}
[1.004s] Level 5:colcon.colcon_core.verb:set package 'ros_tcp_endpoint' build argument 'cmake_args' from command line to 'None'
[1.004s] Level 5:colcon.colcon_core.verb:set package 'ros_tcp_endpoint' build argument 'cmake_target' from command line to 'None'
[1.004s] Level 5:colcon.colcon_core.verb:set package 'ros_tcp_endpoint' build argument 'cmake_target_skip_unavailable' from command line to 'False'
[1.004s] Level 5:colcon.colcon_core.verb:set package 'ros_tcp_endpoint' build argument 'cmake_clean_cache' from command line to 'False'
[1.004s] Level 5:colcon.colcon_core.verb:set package 'ros_tcp_endpoint' build argument 'cmake_clean_first' from command line to 'False'
[1.004s] Level 5:colcon.colcon_core.verb:set package 'ros_tcp_endpoint' build argument 'cmake_force_configure' from command line to 'False'
[1.004s] Level 5:colcon.colcon_core.verb:set package 'ros_tcp_endpoint' build argument 'ament_cmake_args' from command line to 'None'
[1.004s] Level 5:colcon.colcon_core.verb:set package 'ros_tcp_endpoint' build argument 'catkin_cmake_args' from command line to 'None'
[1.004s] Level 5:colcon.colcon_core.verb:set package 'ros_tcp_endpoint' build argument 'catkin_skip_building_tests' from command line to 'False'
[1.004s] DEBUG:colcon.colcon_core.verb:Building package 'ros_tcp_endpoint' with the following arguments: {'ament_cmake_args': None, 'build_base': '/home/xytron/xycar_ws/build/ros_tcp_endpoint', 'catkin_cmake_args': None, 'catkin_skip_building_tests': False, 'cmake_args': None, 'cmake_clean_cache': False, 'cmake_clean_first': False, 'cmake_force_configure': False, 'cmake_target': None, 'cmake_target_skip_unavailable': False, 'install_base': '/home/xytron/xycar_ws/install/ros_tcp_endpoint', 'merge_install': False, 'path': '/home/xytron/xycar_ws/src/ROS-TCP-Endpoint-main-ros2', 'symlink_install': True, 'test_result_base': None}
[1.004s] Level 5:colcon.colcon_core.verb:set package 'track_drive' build argument 'cmake_args' from command line to 'None'
[1.005s] Level 5:colcon.colcon_core.verb:set package 'track_drive' build argument 'cmake_target' from command line to 'None'
[1.005s] Level 5:colcon.colcon_core.verb:set package 'track_drive' build argument 'cmake_target_skip_unavailable' from command line to 'False'
[1.005s] Level 5:colcon.colcon_core.verb:set package 'track_drive' build argument 'cmake_clean_cache' from command line to 'False'
[1.005s] Level 5:colcon.colcon_core.verb:set package 'track_drive' build argument 'cmake_clean_first' from command line to 'False'
[1.005s] Level 5:colcon.colcon_core.verb:set package 'track_drive' build argument 'cmake_force_configure' from command line to 'False'
[1.005s] Level 5:colcon.colcon_core.verb:set package 'track_drive' build argument 'ament_cmake_args' from command line to 'None'
[1.005s] Level 5:colcon.colcon_core.verb:set package 'track_drive' build argument 'catkin_cmake_args' from command line to 'None'
[1.005s] Level 5:colcon.colcon_core.verb:set package 'track_drive' build argument 'catkin_skip_building_tests' from command line to 'False'
[1.005s] DEBUG:colcon.colcon_core.verb:Building package 'track_drive' with the following arguments: {'ament_cmake_args': None, 'build_base': '/home/xytron/xycar_ws/build/track_drive', 'catkin_cmake_args': None, 'catkin_skip_building_tests': False, 'cmake_args': None, 'cmake_clean_cache': False, 'cmake_clean_first': False, 'cmake_force_configure': False, 'cmake_target': None, 'cmake_target_skip_unavailable': False, 'install_base': '/home/xytron/xycar_ws/install/track_drive', 'merge_install': False, 'path': '/home/xytron/xycar_ws/src/track_drive', 'symlink_install': True, 'test_result_base': None}
[1.005s] Level 5:colcon.colcon_core.verb:set package 'xycar_msgs' build argument 'cmake_args' from command line to 'None'
[1.005s] Level 5:colcon.colcon_core.verb:set package 'xycar_msgs' build argument 'cmake_target' from command line to 'None'
[1.005s] Level 5:colcon.colcon_core.verb:set package 'xycar_msgs' build argument 'cmake_target_skip_unavailable' from command line to 'False'
[1.005s] Level 5:colcon.colcon_core.verb:set package 'xycar_msgs' build argument 'cmake_clean_cache' from command line to 'False'
[1.005s] Level 5:colcon.colcon_core.verb:set package 'xycar_msgs' build argument 'cmake_clean_first' from command line to 'False'
[1.005s] Level 5:colcon.colcon_core.verb:set package 'xycar_msgs' build argument 'cmake_force_configure' from command line to 'False'
[1.005s] Level 5:colcon.colcon_core.verb:set package 'xycar_msgs' build argument 'ament_cmake_args' from command line to 'None'
[1.005s] Level 5:colcon.colcon_core.verb:set package 'xycar_msgs' build argument 'catkin_cmake_args' from command line to 'None'
[1.005s] Level 5:colcon.colcon_core.verb:set package 'xycar_msgs' build argument 'catkin_skip_building_tests' from command line to 'False'
[1.005s] DEBUG:colcon.colcon_core.verb:Building package 'xycar_msgs' with the following arguments: {'ament_cmake_args': None, 'build_base': '/home/xytron/xycar_ws/build/xycar_msgs', 'catkin_cmake_args': None, 'catkin_skip_building_tests': False, 'cmake_args': None, 'cmake_clean_cache': False, 'cmake_clean_first': False, 'cmake_force_configure': False, 'cmake_target': None, 'cmake_target_skip_unavailable': False, 'install_base': '/home/xytron/xycar_ws/install/xycar_msgs', 'merge_install': False, 'path': '/home/xytron/xycar_ws/src/xycar_msgs', 'symlink_install': True, 'test_result_base': None}
[1.006s] Level 5:colcon.colcon_core.verb:set package 'kookmin9_viewer' build argument 'cmake_args' from command line to 'None'
[1.006s] Level 5:colcon.colcon_core.verb:set package 'kookmin9_viewer' build argument 'cmake_target' from command line to 'None'
[1.006s] Level 5:colcon.colcon_core.verb:set package 'kookmin9_viewer' build argument 'cmake_target_skip_unavailable' from command line to 'False'
[1.006s] Level 5:colcon.colcon_core.verb:set package 'kookmin9_viewer' build argument 'cmake_clean_cache' from command line to 'False'
[1.006s] Level 5:colcon.colcon_core.verb:set package 'kookmin9_viewer' build argument 'cmake_clean_first' from command line to 'False'
[1.006s] Level 5:colcon.colcon_core.verb:set package 'kookmin9_viewer' build argument 'cmake_force_configure' from command line to 'False'
[1.006s] Level 5:colcon.colcon_core.verb:set package 'kookmin9_viewer' build argument 'ament_cmake_args' from command line to 'None'
[1.006s] Level 5:colcon.colcon_core.verb:set package 'kookmin9_viewer' build argument 'catkin_cmake_args' from command line to 'None'
[1.006s] Level 5:colcon.colcon_core.verb:set package 'kookmin9_viewer' build argument 'catkin_skip_building_tests' from command line to 'False'
[1.006s] DEBUG:colcon.colcon_core.verb:Building package 'kookmin9_viewer' with the following arguments: {'ament_cmake_args': None, 'build_base': '/home/xytron/xycar_ws/build/kookmin9_viewer', 'catkin_cmake_args': None, 'catkin_skip_building_tests': False, 'cmake_args': None, 'cmake_clean_cache': False, 'cmake_clean_first': False, 'cmake_force_configure': False, 'cmake_target': None, 'cmake_target_skip_unavailable': False, 'install_base': '/home/xytron/xycar_ws/install/kookmin9_viewer', 'merge_install': False, 'path': '/home/xytron/xycar_ws/src/kookmin9_viewer', 'symlink_install': True, 'test_result_base': None}
[1.006s] Level 5:colcon.colcon_core.verb:set package 'my_cam' build argument 'cmake_args' from command line to 'None'
[1.006s] Level 5:colcon.colcon_core.verb:set package 'my_cam' build argument 'cmake_target' from command line to 'None'
[1.006s] Level 5:colcon.colcon_core.verb:set package 'my_cam' build argument 'cmake_target_skip_unavailable' from command line to 'False'
[1.007s] Level 5:colcon.colcon_core.verb:set package 'my_cam' build argument 'cmake_clean_cache' from command line to 'False'
[1.007s] Level 5:colcon.colcon_core.verb:set package 'my_cam' build argument 'cmake_clean_first' from command line to 'False'
[1.007s] Level 5:colcon.colcon_core.verb:set package 'my_cam' build argument 'cmake_force_configure' from command line to 'False'
[1.007s] Level 5:colcon.colcon_core.verb:set package 'my_cam' build argument 'ament_cmake_args' from command line to 'None'
[1.007s] Level 5:colcon.colcon_core.verb:set package 'my_cam' build argument 'catkin_cmake_args' from command line to 'None'
[1.007s] Level 5:colcon.colcon_core.verb:set package 'my_cam' build argument 'catkin_skip_building_tests' from command line to 'False'
[1.007s] DEBUG:colcon.colcon_core.verb:Building package 'my_cam' with the following arguments: {'ament_cmake_args': None, 'build_base': '/home/xytron/xycar_ws/build/my_cam', 'catkin_cmake_args': None, 'catkin_skip_building_tests': False, 'cmake_args': None, 'cmake_clean_cache': False, 'cmake_clean_first': False, 'cmake_force_configure': False, 'cmake_target': None, 'cmake_target_skip_unavailable': False, 'install_base': '/home/xytron/xycar_ws/install/my_cam', 'merge_install': False, 'path': '/home/xytron/xycar_ws/src/my_cam', 'symlink_install': True, 'test_result_base': None}
[1.007s] Level 5:colcon.colcon_core.verb:set package 'my_lidar' build argument 'cmake_args' from command line to 'None'
[1.007s] Level 5:colcon.colcon_core.verb:set package 'my_lidar' build argument 'cmake_target' from command line to 'None'
[1.007s] Level 5:colcon.colcon_core.verb:set package 'my_lidar' build argument 'cmake_target_skip_unavailable' from command line to 'False'
[1.007s] Level 5:colcon.colcon_core.verb:set package 'my_lidar' build argument 'cmake_clean_cache' from command line to 'False'
[1.007s] Level 5:colcon.colcon_core.verb:set package 'my_lidar' build argument 'cmake_clean_first' from command line to 'False'
[1.007s] Level 5:colcon.colcon_core.verb:set package 'my_lidar' build argument 'cmake_force_configure' from command line to 'False'
[1.007s] Level 5:colcon.colcon_core.verb:set package 'my_lidar' build argument 'ament_cmake_args' from command line to 'None'
[1.007s] Level 5:colcon.colcon_core.verb:set package 'my_lidar' build argument 'catkin_cmake_args' from command line to 'None'
[1.007s] Level 5:colcon.colcon_core.verb:set package 'my_lidar' build argument 'catkin_skip_building_tests' from command line to 'False'
[1.007s] DEBUG:colcon.colcon_core.verb:Building package 'my_lidar' with the following arguments: {'ament_cmake_args': None, 'build_base': '/home/xytron/xycar_ws/build/my_lidar', 'catkin_cmake_args': None, 'catkin_skip_building_tests': False, 'cmake_args': None, 'cmake_clean_cache': False, 'cmake_clean_first': False, 'cmake_force_configure': False, 'cmake_target': None, 'cmake_target_skip_unavailable': False, 'install_base': '/home/xytron/xycar_ws/install/my_lidar', 'merge_install': False, 'path': '/home/xytron/xycar_ws/src/my_lidar', 'symlink_install': True, 'test_result_base': None}
[1.008s] INFO:colcon.colcon_core.executor:Executing jobs using 'parallel' executor
[1.009s] DEBUG:colcon.colcon_parallel_executor.executor.parallel:run_until_complete
[1.009s] INFO:colcon.colcon_ros.task.ament_cmake.build:Building ROS package in '/home/xytron/xycar_ws/src/xycar_msgs' with build type 'ament_cmake'
[1.009s] INFO:colcon.colcon_cmake.task.cmake.build:Building CMake package in '/home/xytron/xycar_ws/src/xycar_msgs'
[1.017s] INFO:colcon.colcon_core.plugin_system:Skipping extension 'colcon_core.shell.bat': Not used on non-Windows systems
[1.017s] INFO:colcon.colcon_core.shell:Skip shell extension 'powershell' for command environment: Not usable outside of PowerShell
[1.017s] DEBUG:colcon.colcon_core.shell:Skip shell extension 'dsv' for command environment
[1.026s] INFO:colcon.colcon_ros.task.ament_python.build:Building ROS package in '/home/xytron/xycar_ws/src/my_imu' with build type 'ament_python'
[1.026s] Level 1:colcon.colcon_core.shell:create_environment_hook('my_imu', 'ament_prefix_path')
[1.027s] INFO:colcon.colcon_core.shell:Creating environment hook '/home/xytron/xycar_ws/install/my_imu/share/my_imu/hook/ament_prefix_path.ps1'
[1.031s] INFO:colcon.colcon_core.shell:Creating environment descriptor '/home/xytron/xycar_ws/install/my_imu/share/my_imu/hook/ament_prefix_path.dsv'
[1.033s] INFO:colcon.colcon_core.shell:Creating environment hook '/home/xytron/xycar_ws/install/my_imu/share/my_imu/hook/ament_prefix_path.sh'
[1.034s] INFO:colcon.colcon_core.shell:Skip shell extension 'powershell' for command environment: Not usable outside of PowerShell
[1.035s] DEBUG:colcon.colcon_core.shell:Skip shell extension 'dsv' for command environment
[1.040s] INFO:colcon.colcon_ros.task.ament_python.build:Building ROS package in '/home/xytron/xycar_ws/src/my_motor' with build type 'ament_python'
[1.040s] Level 1:colcon.colcon_core.shell:create_environment_hook('my_motor', 'ament_prefix_path')
[1.041s] INFO:colcon.colcon_core.shell:Creating environment hook '/home/xytron/xycar_ws/install/my_motor/share/my_motor/hook/ament_prefix_path.ps1'
[1.043s] INFO:colcon.colcon_core.shell:Creating environment descriptor '/home/xytron/xycar_ws/install/my_motor/share/my_motor/hook/ament_prefix_path.dsv'
[1.043s] INFO:colcon.colcon_core.shell:Creating environment hook '/home/xytron/xycar_ws/install/my_motor/share/my_motor/hook/ament_prefix_path.sh'
[1.044s] INFO:colcon.colcon_core.shell:Skip shell extension 'powershell' for command environment: Not usable outside of PowerShell
[1.044s] DEBUG:colcon.colcon_core.shell:Skip shell extension 'dsv' for command environment
[1.048s] INFO:colcon.colcon_ros.task.ament_python.build:Building ROS package in '/home/xytron/xycar_ws/src/ROS-TCP-Endpoint-main-ros2' with build type 'ament_python'
[1.048s] Level 1:colcon.colcon_core.shell:create_environment_hook('ros_tcp_endpoint', 'ament_prefix_path')
[1.048s] INFO:colcon.colcon_core.shell:Creating environment hook '/home/xytron/xycar_ws/install/ros_tcp_endpoint/share/ros_tcp_endpoint/hook/ament_prefix_path.ps1'
[1.050s] INFO:colcon.colcon_core.shell:Creating environment descriptor '/home/xytron/xycar_ws/install/ros_tcp_endpoint/share/ros_tcp_endpoint/hook/ament_prefix_path.dsv'
[1.051s] INFO:colcon.colcon_core.shell:Creating environment hook '/home/xytron/xycar_ws/install/ros_tcp_endpoint/share/ros_tcp_endpoint/hook/ament_prefix_path.sh'
[1.052s] INFO:colcon.colcon_core.shell:Skip shell extension 'powershell' for command environment: Not usable outside of PowerShell
[1.052s] DEBUG:colcon.colcon_core.shell:Skip shell extension 'dsv' for command environment
[1.057s] INFO:colcon.colcon_ros.task.ament_python.build:Building ROS package in '/home/xytron/xycar_ws/src/track_drive' with build type 'ament_python'
[1.057s] Level 1:colcon.colcon_core.shell:create_environment_hook('track_drive', 'ament_prefix_path')
[1.058s] INFO:colcon.colcon_core.shell:Creating environment hook '/home/xytron/xycar_ws/install/track_drive/share/track_drive/hook/ament_prefix_path.ps1'
[1.060s] INFO:colcon.colcon_core.shell:Creating environment descriptor '/home/xytron/xycar_ws/install/track_drive/share/track_drive/hook/ament_prefix_path.dsv'
[1.060s] INFO:colcon.colcon_core.shell:Creating environment hook '/home/xytron/xycar_ws/install/track_drive/share/track_drive/hook/ament_prefix_path.sh'
[1.061s] INFO:colcon.colcon_core.shell:Skip shell extension 'powershell' for command environment: Not usable outside of PowerShell
[1.061s] DEBUG:colcon.colcon_core.shell:Skip shell extension 'dsv' for command environment
[1.072s] DEBUG:colcon.colcon_core.event_handler.log_command:Invoking command in '/home/xytron/xycar_ws/build/xycar_msgs': CMAKE_PREFIX_PATH=/opt/ros/humble /usr/bin/cmake /home/xytron/xycar_ws/src/xycar_msgs -DAMENT_CMAKE_SYMLINK_INSTALL=1 -DCMAKE_INSTALL_PREFIX=/home/xytron/xycar_ws/install/xycar_msgs
[1.364s] INFO:colcon.colcon_core.task.python.build:Building Python package in '/home/xytron/xycar_ws/src/my_imu'
[1.364s] INFO:colcon.colcon_core.shell:Skip shell extension 'powershell' for command environment: Not usable outside of PowerShell
[1.364s] DEBUG:colcon.colcon_core.shell:Skip shell extension 'dsv' for command environment
[1.649s] INFO:colcon.colcon_core.task.python.build:Building Python package in '/home/xytron/xycar_ws/src/my_motor'
[1.649s] INFO:colcon.colcon_core.shell:Skip shell extension 'powershell' for command environment: Not usable outside of PowerShell
[1.649s] DEBUG:colcon.colcon_core.shell:Skip shell extension 'dsv' for command environment
[1.933s] INFO:colcon.colcon_core.task.python.build:Building Python package in '/home/xytron/xycar_ws/src/ROS-TCP-Endpoint-main-ros2'
[1.933s] INFO:colcon.colcon_core.shell:Skip shell extension 'powershell' for command environment: Not usable outside of PowerShell
[1.934s] DEBUG:colcon.colcon_core.shell:Skip shell extension 'dsv' for command environment
[2.222s] INFO:colcon.colcon_core.task.python.build:Building Python package in '/home/xytron/xycar_ws/src/track_drive'
[2.222s] INFO:colcon.colcon_core.shell:Skip shell extension 'powershell' for command environment: Not usable outside of PowerShell
[2.222s] DEBUG:colcon.colcon_core.shell:Skip shell extension 'dsv' for command environment
[2.941s] DEBUG:colcon.colcon_core.event_handler.log_command:Invoking command in '/home/xytron/xycar_ws/build/my_motor': PYTHONPATH=/home/xytron/xycar_ws/build/my_motor/prefix_override:/usr/lib/python3/dist-packages/colcon_core/task/python/colcon_distutils_commands:/home/xytron/xycar_ws/install/my_motor/lib/python3.10/site-packages:${PYTHONPATH} /usr/bin/python3 -W ignore:setup.py install is deprecated -W ignore:easy_install command is deprecated setup.py develop --editable --build-directory /home/xytron/xycar_ws/build/my_motor/build --no-deps symlink_data
[2.944s] DEBUG:colcon.colcon_core.event_handler.log_command:Invoking command in '/home/xytron/xycar_ws/build/my_imu': PYTHONPATH=/home/xytron/xycar_ws/build/my_imu/prefix_override:/usr/lib/python3/dist-packages/colcon_core/task/python/colcon_distutils_commands:/home/xytron/xycar_ws/install/my_imu/lib/python3.10/site-packages:${PYTHONPATH} /usr/bin/python3 -W ignore:setup.py install is deprecated -W ignore:easy_install command is deprecated setup.py develop --editable --build-directory /home/xytron/xycar_ws/build/my_imu/build --no-deps symlink_data
[2.952s] DEBUG:colcon.colcon_core.event_handler.log_command:Invoking command in '/home/xytron/xycar_ws/build/ros_tcp_endpoint': PYTHONPATH=/home/xytron/xycar_ws/build/ros_tcp_endpoint/prefix_override:/usr/lib/python3/dist-packages/colcon_core/task/python/colcon_distutils_commands:/home/xytron/xycar_ws/install/ros_tcp_endpoint/lib/python3.10/site-packages:${PYTHONPATH} /usr/bin/python3 -W ignore:setup.py install is deprecated -W ignore:easy_install command is deprecated setup.py develop --editable --build-directory /home/xytron/xycar_ws/build/ros_tcp_endpoint/build --no-deps symlink_data
[2.956s] DEBUG:colcon.colcon_core.event_handler.log_command:Invoking command in '/home/xytron/xycar_ws/build/track_drive': PYTHONPATH=/home/xytron/xycar_ws/build/track_drive/prefix_override:/usr/lib/python3/dist-packages/colcon_core/task/python/colcon_distutils_commands:/home/xytron/xycar_ws/install/track_drive/lib/python3.10/site-packages:${PYTHONPATH} /usr/bin/python3 -W ignore:setup.py install is deprecated -W ignore:easy_install command is deprecated setup.py develop --editable --build-directory /home/xytron/xycar_ws/build/track_drive/build --no-deps symlink_data
[3.503s] Level 1:colcon.colcon_core.shell:create_environment_hook('my_imu', 'pythonpath_develop')
[3.504s] DEBUG:colcon.colcon_core.event_handler.log_command:Invoked command in '/home/xytron/xycar_ws/build/my_imu' returned '0': PYTHONPATH=/home/xytron/xycar_ws/build/my_imu/prefix_override:/usr/lib/python3/dist-packages/colcon_core/task/python/colcon_distutils_commands:/home/xytron/xycar_ws/install/my_imu/lib/python3.10/site-packages:${PYTHONPATH} /usr/bin/python3 -W ignore:setup.py install is deprecated -W ignore:easy_install command is deprecated setup.py develop --editable --build-directory /home/xytron/xycar_ws/build/my_imu/build --no-deps symlink_data
[3.504s] INFO:colcon.colcon_core.shell:Creating environment hook '/home/xytron/xycar_ws/build/my_imu/share/my_imu/hook/pythonpath_develop.ps1'
[3.509s] INFO:colcon.colcon_core.shell:Creating environment descriptor '/home/xytron/xycar_ws/build/my_imu/share/my_imu/hook/pythonpath_develop.dsv'
[3.510s] INFO:colcon.colcon_core.shell:Creating environment hook '/home/xytron/xycar_ws/build/my_imu/share/my_imu/hook/pythonpath_develop.sh'
[3.521s] Level 1:colcon.colcon_core.environment:checking '/home/xytron/xycar_ws/install/my_imu' for CMake module files
[3.522s] Level 1:colcon.colcon_core.environment:checking '/home/xytron/xycar_ws/install/my_imu' for CMake config files
[3.522s] Level 1:colcon.colcon_core.environment:checking '/home/xytron/xycar_ws/install/my_imu/lib'
[3.522s] Level 1:colcon.colcon_core.environment:checking '/home/xytron/xycar_ws/install/my_imu/bin'
[3.522s] Level 1:colcon.colcon_core.environment:checking '/home/xytron/xycar_ws/install/my_imu/lib/pkgconfig/my_imu.pc'
[3.522s] Level 1:colcon.colcon_core.environment:checking '/home/xytron/xycar_ws/install/my_imu/lib/python3.10/site-packages'
[3.523s] Level 1:colcon.colcon_core.shell:create_environment_hook('my_imu', 'pythonpath')
[3.523s] INFO:colcon.colcon_core.shell:Creating environment hook '/home/xytron/xycar_ws/install/my_imu/share/my_imu/hook/pythonpath.ps1'
[3.523s] INFO:colcon.colcon_core.shell:Creating environment descriptor '/home/xytron/xycar_ws/install/my_imu/share/my_imu/hook/pythonpath.dsv'
[3.524s] INFO:colcon.colcon_core.shell:Creating environment hook '/home/xytron/xycar_ws/install/my_imu/share/my_imu/hook/pythonpath.sh'
[3.524s] Level 1:colcon.colcon_core.environment:checking '/home/xytron/xycar_ws/install/my_imu/bin'
[3.524s] Level 1:colcon.colcon_core.environment:create_environment_scripts_only(my_imu)
[3.525s] INFO:colcon.colcon_core.shell:Creating package script '/home/xytron/xycar_ws/install/my_imu/share/my_imu/package.ps1'
[3.527s] INFO:colcon.colcon_core.shell:Creating package descriptor '/home/xytron/xycar_ws/install/my_imu/share/my_imu/package.dsv'
[3.527s] INFO:colcon.colcon_core.shell:Creating package script '/home/xytron/xycar_ws/install/my_imu/share/my_imu/package.sh'
[3.529s] INFO:colcon.colcon_core.shell:Creating package script '/home/xytron/xycar_ws/install/my_imu/share/my_imu/package.bash'
[3.530s] INFO:colcon.colcon_core.shell:Creating package script '/home/xytron/xycar_ws/install/my_imu/share/my_imu/package.zsh'
[3.532s] Level 1:colcon.colcon_core.environment:create_file_with_runtime_dependencies(/home/xytron/xycar_ws/install/my_imu/share/colcon-core/packages/my_imu)
[3.535s] Level 1:colcon.colcon_core.shell:create_environment_hook('ros_tcp_endpoint', 'pythonpath_develop')
[3.535s] INFO:colcon.colcon_core.shell:Creating environment hook '/home/xytron/xycar_ws/build/ros_tcp_endpoint/share/ros_tcp_endpoint/hook/pythonpath_develop.ps1'
[3.536s] DEBUG:colcon.colcon_core.event_handler.log_command:Invoked command in '/home/xytron/xycar_ws/build/ros_tcp_endpoint' returned '0': PYTHONPATH=/home/xytron/xycar_ws/build/ros_tcp_endpoint/prefix_override:/usr/lib/python3/dist-packages/colcon_core/task/python/colcon_distutils_commands:/home/xytron/xycar_ws/install/ros_tcp_endpoint/lib/python3.10/site-packages:${PYTHONPATH} /usr/bin/python3 -W ignore:setup.py install is deprecated -W ignore:easy_install command is deprecated setup.py develop --editable --build-directory /home/xytron/xycar_ws/build/ros_tcp_endpoint/build --no-deps symlink_data
[3.538s] INFO:colcon.colcon_core.shell:Creating environment descriptor '/home/xytron/xycar_ws/build/ros_tcp_endpoint/share/ros_tcp_endpoint/hook/pythonpath_develop.dsv'
[3.539s] INFO:colcon.colcon_core.shell:Creating environment hook '/home/xytron/xycar_ws/build/ros_tcp_endpoint/share/ros_tcp_endpoint/hook/pythonpath_develop.sh'
[3.540s] Level 1:colcon.colcon_core.environment:checking '/home/xytron/xycar_ws/install/ros_tcp_endpoint' for CMake module files
[3.540s] Level 1:colcon.colcon_core.environment:checking '/home/xytron/xycar_ws/install/ros_tcp_endpoint' for CMake config files
[3.541s] Level 1:colcon.colcon_core.environment:checking '/home/xytron/xycar_ws/install/ros_tcp_endpoint/lib'
[3.541s] Level 1:colcon.colcon_core.environment:checking '/home/xytron/xycar_ws/install/ros_tcp_endpoint/bin'
[3.541s] Level 1:colcon.colcon_core.environment:checking '/home/xytron/xycar_ws/install/ros_tcp_endpoint/lib/pkgconfig/ros_tcp_endpoint.pc'
[3.541s] Level 1:colcon.colcon_core.environment:checking '/home/xytron/xycar_ws/install/ros_tcp_endpoint/lib/python3.10/site-packages'
[3.541s] Level 1:colcon.colcon_core.shell:create_environment_hook('ros_tcp_endpoint', 'pythonpath')
[3.541s] INFO:colcon.colcon_core.shell:Creating environment hook '/home/xytron/xycar_ws/install/ros_tcp_endpoint/share/ros_tcp_endpoint/hook/pythonpath.ps1'
[3.542s] INFO:colcon.colcon_core.shell:Creating environment descriptor '/home/xytron/xycar_ws/install/ros_tcp_endpoint/share/ros_tcp_endpoint/hook/pythonpath.dsv'
[3.542s] INFO:colcon.colcon_core.shell:Creating environment hook '/home/xytron/xycar_ws/install/ros_tcp_endpoint/share/ros_tcp_endpoint/hook/pythonpath.sh'
[3.543s] Level 1:colcon.colcon_core.environment:checking '/home/xytron/xycar_ws/install/ros_tcp_endpoint/bin'
[3.544s] Level 1:colcon.colcon_core.environment:create_environment_scripts_only(ros_tcp_endpoint)
[3.544s] INFO:colcon.colcon_core.shell:Creating package script '/home/xytron/xycar_ws/install/ros_tcp_endpoint/share/ros_tcp_endpoint/package.ps1'
[3.545s] INFO:colcon.colcon_core.shell:Creating package descriptor '/home/xytron/xycar_ws/install/ros_tcp_endpoint/share/ros_tcp_endpoint/package.dsv'
[3.546s] INFO:colcon.colcon_core.shell:Creating package script '/home/xytron/xycar_ws/install/ros_tcp_endpoint/share/ros_tcp_endpoint/package.sh'
[3.546s] INFO:colcon.colcon_core.shell:Creating package script '/home/xytron/xycar_ws/install/ros_tcp_endpoint/share/ros_tcp_endpoint/package.bash'
[3.547s] INFO:colcon.colcon_core.shell:Creating package script '/home/xytron/xycar_ws/install/ros_tcp_endpoint/share/ros_tcp_endpoint/package.zsh'
[3.547s] Level 1:colcon.colcon_core.environment:create_file_with_runtime_dependencies(/home/xytron/xycar_ws/install/ros_tcp_endpoint/share/colcon-core/packages/ros_tcp_endpoint)
[3.549s] Level 1:colcon.colcon_core.shell:create_environment_hook('track_drive', 'pythonpath_develop')
[3.550s] INFO:colcon.colcon_core.shell:Creating environment hook '/home/xytron/xycar_ws/build/track_drive/share/track_drive/hook/pythonpath_develop.ps1'
[3.551s] DEBUG:colcon.colcon_core.event_handler.log_command:Invoked command in '/home/xytron/xycar_ws/build/track_drive' returned '0': PYTHONPATH=/home/xytron/xycar_ws/build/track_drive/prefix_override:/usr/lib/python3/dist-packages/colcon_core/task/python/colcon_distutils_commands:/home/xytron/xycar_ws/install/track_drive/lib/python3.10/site-packages:${PYTHONPATH} /usr/bin/python3 -W ignore:setup.py install is deprecated -W ignore:easy_install command is deprecated setup.py develop --editable --build-directory /home/xytron/xycar_ws/build/track_drive/build --no-deps symlink_data
[3.552s] INFO:colcon.colcon_core.shell:Creating environment descriptor '/home/xytron/xycar_ws/build/track_drive/share/track_drive/hook/pythonpath_develop.dsv'
[3.553s] INFO:colcon.colcon_core.shell:Creating environment hook '/home/xytron/xycar_ws/build/track_drive/share/track_drive/hook/pythonpath_develop.sh'
[3.553s] Level 1:colcon.colcon_core.environment:checking '/home/xytron/xycar_ws/install/track_drive' for CMake module files
[3.554s] Level 1:colcon.colcon_core.environment:checking '/home/xytron/xycar_ws/install/track_drive' for CMake config files
[3.555s] Level 1:colcon.colcon_core.environment:checking '/home/xytron/xycar_ws/install/track_drive/lib'
[3.555s] Level 1:colcon.colcon_core.environment:checking '/home/xytron/xycar_ws/install/track_drive/bin'
[3.555s] Level 1:colcon.colcon_core.environment:checking '/home/xytron/xycar_ws/install/track_drive/lib/pkgconfig/track_drive.pc'
[3.555s] Level 1:colcon.colcon_core.environment:checking '/home/xytron/xycar_ws/install/track_drive/lib/python3.10/site-packages'
[3.555s] Level 1:colcon.colcon_core.shell:create_environment_hook('track_drive', 'pythonpath')
[3.555s] INFO:colcon.colcon_core.shell:Creating environment hook '/home/xytron/xycar_ws/install/track_drive/share/track_drive/hook/pythonpath.ps1'
[3.556s] INFO:colcon.colcon_core.shell:Creating environment descriptor '/home/xytron/xycar_ws/install/track_drive/share/track_drive/hook/pythonpath.dsv'
[3.556s] INFO:colcon.colcon_core.shell:Creating environment hook '/home/xytron/xycar_ws/install/track_drive/share/track_drive/hook/pythonpath.sh'
[3.557s] Level 1:colcon.colcon_core.environment:checking '/home/xytron/xycar_ws/install/track_drive/bin'
[3.557s] Level 1:colcon.colcon_core.environment:create_environment_scripts_only(track_drive)
[3.557s] INFO:colcon.colcon_core.shell:Creating package script '/home/xytron/xycar_ws/install/track_drive/share/track_drive/package.ps1'
[3.558s] INFO:colcon.colcon_core.shell:Creating package descriptor '/home/xytron/xycar_ws/install/track_drive/share/track_drive/package.dsv'
[3.558s] INFO:colcon.colcon_core.shell:Creating package script '/home/xytron/xycar_ws/install/track_drive/share/track_drive/package.sh'
[3.559s] INFO:colcon.colcon_core.shell:Creating package script '/home/xytron/xycar_ws/install/track_drive/share/track_drive/package.bash'
[3.559s] INFO:colcon.colcon_core.shell:Creating package script '/home/xytron/xycar_ws/install/track_drive/share/track_drive/package.zsh'
[3.559s] Level 1:colcon.colcon_core.environment:create_file_with_runtime_dependencies(/home/xytron/xycar_ws/install/track_drive/share/colcon-core/packages/track_drive)
[3.562s] Level 1:colcon.colcon_core.shell:create_environment_hook('my_motor', 'pythonpath_develop')
[3.563s] INFO:colcon.colcon_core.shell:Creating environment hook '/home/xytron/xycar_ws/build/my_motor/share/my_motor/hook/pythonpath_develop.ps1'
[3.564s] DEBUG:colcon.colcon_core.event_handler.log_command:Invoked command in '/home/xytron/xycar_ws/build/my_motor' returned '0': PYTHONPATH=/home/xytron/xycar_ws/build/my_motor/prefix_override:/usr/lib/python3/dist-packages/colcon_core/task/python/colcon_distutils_commands:/home/xytron/xycar_ws/install/my_motor/lib/python3.10/site-packages:${PYTHONPATH} /usr/bin/python3 -W ignore:setup.py install is deprecated -W ignore:easy_install command is deprecated setup.py develop --editable --build-directory /home/xytron/xycar_ws/build/my_motor/build --no-deps symlink_data
[3.564s] INFO:colcon.colcon_core.shell:Creating environment descriptor '/home/xytron/xycar_ws/build/my_motor/share/my_motor/hook/pythonpath_develop.dsv'
[3.565s] INFO:colcon.colcon_core.shell:Creating environment hook '/home/xytron/xycar_ws/build/my_motor/share/my_motor/hook/pythonpath_develop.sh'
[3.565s] Level 1:colcon.colcon_core.environment:checking '/home/xytron/xycar_ws/install/my_motor' for CMake module files
[3.566s] Level 1:colcon.colcon_core.environment:checking '/home/xytron/xycar_ws/install/my_motor' for CMake config files
[3.566s] Level 1:colcon.colcon_core.environment:checking '/home/xytron/xycar_ws/install/my_motor/lib'
[3.566s] Level 1:colcon.colcon_core.environment:checking '/home/xytron/xycar_ws/install/my_motor/bin'
[3.566s] Level 1:colcon.colcon_core.environment:checking '/home/xytron/xycar_ws/install/my_motor/lib/pkgconfig/my_motor.pc'
[3.566s] Level 1:colcon.colcon_core.environment:checking '/home/xytron/xycar_ws/install/my_motor/lib/python3.10/site-packages'
[3.567s] Level 1:colcon.colcon_core.shell:create_environment_hook('my_motor', 'pythonpath')
[3.567s] INFO:colcon.colcon_core.shell:Creating environment hook '/home/xytron/xycar_ws/install/my_motor/share/my_motor/hook/pythonpath.ps1'
[3.567s] INFO:colcon.colcon_core.shell:Creating environment descriptor '/home/xytron/xycar_ws/install/my_motor/share/my_motor/hook/pythonpath.dsv'
[3.567s] INFO:colcon.colcon_core.shell:Creating environment hook '/home/xytron/xycar_ws/install/my_motor/share/my_motor/hook/pythonpath.sh'
[3.568s] Level 1:colcon.colcon_core.environment:checking '/home/xytron/xycar_ws/install/my_motor/bin'
[3.568s] Level 1:colcon.colcon_core.environment:create_environment_scripts_only(my_motor)
[3.568s] INFO:colcon.colcon_core.shell:Creating package script '/home/xytron/xycar_ws/install/my_motor/share/my_motor/package.ps1'
[3.569s] INFO:colcon.colcon_core.shell:Creating package descriptor '/home/xytron/xycar_ws/install/my_motor/share/my_motor/package.dsv'
[3.569s] INFO:colcon.colcon_core.shell:Creating package script '/home/xytron/xycar_ws/install/my_motor/share/my_motor/package.sh'
[3.570s] INFO:colcon.colcon_core.shell:Creating package script '/home/xytron/xycar_ws/install/my_motor/share/my_motor/package.bash'
[3.570s] INFO:colcon.colcon_core.shell:Creating package script '/home/xytron/xycar_ws/install/my_motor/share/my_motor/package.zsh'
[3.571s] Level 1:colcon.colcon_core.environment:create_file_with_runtime_dependencies(/home/xytron/xycar_ws/install/my_motor/share/colcon-core/packages/my_motor)
[5.860s] DEBUG:colcon.colcon_core.event_handler.log_command:Invoked command in '/home/xytron/xycar_ws/build/xycar_msgs' returned '0': CMAKE_PREFIX_PATH=/opt/ros/humble /usr/bin/cmake /home/xytron/xycar_ws/src/xycar_msgs -DAMENT_CMAKE_SYMLINK_INSTALL=1 -DCMAKE_INSTALL_PREFIX=/home/xytron/xycar_ws/install/xycar_msgs
[5.862s] DEBUG:colcon.colcon_core.event_handler.log_command:Invoking command in '/home/xytron/xycar_ws/build/xycar_msgs': CMAKE_PREFIX_PATH=/opt/ros/humble /usr/bin/cmake --build /home/xytron/xycar_ws/build/xycar_msgs -- -j16 -l16
[8.642s] DEBUG:colcon.colcon_core.event_handler.log_command:Invoked command in '/home/xytron/xycar_ws/build/xycar_msgs' returned '0': CMAKE_PREFIX_PATH=/opt/ros/humble /usr/bin/cmake --build /home/xytron/xycar_ws/build/xycar_msgs -- -j16 -l16
[8.653s] DEBUG:colcon.colcon_core.event_handler.log_command:Invoking command in '/home/xytron/xycar_ws/build/xycar_msgs': CMAKE_PREFIX_PATH=/opt/ros/humble /usr/bin/cmake --install /home/xytron/xycar_ws/build/xycar_msgs
[9.622s] Level 1:colcon.colcon_core.environment:create_environment_scripts_only(xycar_msgs)
[9.622s] Level 1:colcon.colcon_core.environment:checking '/home/xytron/xycar_ws/install/xycar_msgs' for CMake module files
[9.623s] DEBUG:colcon.colcon_core.event_handler.log_command:Invoked command in '/home/xytron/xycar_ws/build/xycar_msgs' returned '0': CMAKE_PREFIX_PATH=/opt/ros/humble /usr/bin/cmake --install /home/xytron/xycar_ws/build/xycar_msgs
[9.623s] Level 1:colcon.colcon_core.environment:checking '/home/xytron/xycar_ws/install/xycar_msgs' for CMake config files
[9.624s] Level 1:colcon.colcon_core.shell:create_environment_hook('xycar_msgs', 'cmake_prefix_path')
[9.625s] INFO:colcon.colcon_core.shell:Creating environment hook '/home/xytron/xycar_ws/install/xycar_msgs/share/xycar_msgs/hook/cmake_prefix_path.ps1'
[9.625s] INFO:colcon.colcon_core.shell:Creating environment descriptor '/home/xytron/xycar_ws/install/xycar_msgs/share/xycar_msgs/hook/cmake_prefix_path.dsv'
[9.626s] INFO:colcon.colcon_core.shell:Creating environment hook '/home/xytron/xycar_ws/install/xycar_msgs/share/xycar_msgs/hook/cmake_prefix_path.sh'
[9.626s] Level 1:colcon.colcon_core.environment:checking '/home/xytron/xycar_ws/install/xycar_msgs/lib'
[9.626s] Level 1:colcon.colcon_core.shell:create_environment_hook('xycar_msgs', 'ld_library_path_lib')
[9.627s] INFO:colcon.colcon_core.shell:Creating environment hook '/home/xytron/xycar_ws/install/xycar_msgs/share/xycar_msgs/hook/ld_library_path_lib.ps1'
[9.627s] INFO:colcon.colcon_core.shell:Creating environment descriptor '/home/xytron/xycar_ws/install/xycar_msgs/share/xycar_msgs/hook/ld_library_path_lib.dsv'
[9.627s] INFO:colcon.colcon_core.shell:Creating environment hook '/home/xytron/xycar_ws/install/xycar_msgs/share/xycar_msgs/hook/ld_library_path_lib.sh'
[9.628s] Level 1:colcon.colcon_core.environment:checking '/home/xytron/xycar_ws/install/xycar_msgs/bin'
[9.628s] Level 1:colcon.colcon_core.environment:checking '/home/xytron/xycar_ws/install/xycar_msgs/lib/pkgconfig/xycar_msgs.pc'
[9.628s] Level 1:colcon.colcon_core.environment:checking '/home/xytron/xycar_ws/install/xycar_msgs/lib/python3.10/site-packages'
[9.628s] Level 1:colcon.colcon_core.environment:checking '/home/xytron/xycar_ws/install/xycar_msgs/bin'
[9.628s] INFO:colcon.colcon_core.shell:Creating package script '/home/xytron/xycar_ws/install/xycar_msgs/share/xycar_msgs/package.ps1'
[9.629s] INFO:colcon.colcon_core.shell:Creating package descriptor '/home/xytron/xycar_ws/install/xycar_msgs/share/xycar_msgs/package.dsv'
[9.630s] INFO:colcon.colcon_core.shell:Creating package script '/home/xytron/xycar_ws/install/xycar_msgs/share/xycar_msgs/package.sh'
[9.630s] INFO:colcon.colcon_core.shell:Creating package script '/home/xytron/xycar_ws/install/xycar_msgs/share/xycar_msgs/package.bash'
[9.630s] INFO:colcon.colcon_core.shell:Creating package script '/home/xytron/xycar_ws/install/xycar_msgs/share/xycar_msgs/package.zsh'
[9.631s] Level 1:colcon.colcon_core.environment:create_file_with_runtime_dependencies(/home/xytron/xycar_ws/install/xycar_msgs/share/colcon-core/packages/xycar_msgs)
[9.632s] Level 1:colcon.colcon_core.environment:create_environment_scripts_only(xycar_msgs)
[9.632s] Level 1:colcon.colcon_core.environment:checking '/home/xytron/xycar_ws/install/xycar_msgs' for CMake module files
[9.633s] Level 1:colcon.colcon_core.environment:checking '/home/xytron/xycar_ws/install/xycar_msgs' for CMake config files
[9.634s] Level 1:colcon.colcon_core.shell:create_environment_hook('xycar_msgs', 'cmake_prefix_path')
[9.634s] INFO:colcon.colcon_core.shell:Creating environment hook '/home/xytron/xycar_ws/install/xycar_msgs/share/xycar_msgs/hook/cmake_prefix_path.ps1'
[9.635s] INFO:colcon.colcon_core.shell:Creating environment descriptor '/home/xytron/xycar_ws/install/xycar_msgs/share/xycar_msgs/hook/cmake_prefix_path.dsv'
[9.635s] INFO:colcon.colcon_core.shell:Creating environment hook '/home/xytron/xycar_ws/install/xycar_msgs/share/xycar_msgs/hook/cmake_prefix_path.sh'
[9.635s] Level 1:colcon.colcon_core.environment:checking '/home/xytron/xycar_ws/install/xycar_msgs/lib'
[9.636s] Level 1:colcon.colcon_core.shell:create_environment_hook('xycar_msgs', 'ld_library_path_lib')
[9.636s] INFO:colcon.colcon_core.shell:Creating environment hook '/home/xytron/xycar_ws/install/xycar_msgs/share/xycar_msgs/hook/ld_library_path_lib.ps1'
[9.636s] INFO:colcon.colcon_core.shell:Creating environment descriptor '/home/xytron/xycar_ws/install/xycar_msgs/share/xycar_msgs/hook/ld_library_path_lib.dsv'
[9.637s] INFO:colcon.colcon_core.shell:Creating environment hook '/home/xytron/xycar_ws/install/xycar_msgs/share/xycar_msgs/hook/ld_library_path_lib.sh'
[9.638s] Level 1:colcon.colcon_core.environment:checking '/home/xytron/xycar_ws/install/xycar_msgs/bin'
[9.638s] Level 1:colcon.colcon_core.environment:checking '/home/xytron/xycar_ws/install/xycar_msgs/lib/pkgconfig/xycar_msgs.pc'
[9.638s] Level 1:colcon.colcon_core.environment:checking '/home/xytron/xycar_ws/install/xycar_msgs/lib/python3.10/site-packages'
[9.638s] Level 1:colcon.colcon_core.environment:checking '/home/xytron/xycar_ws/install/xycar_msgs/bin'
[9.639s] INFO:colcon.colcon_core.shell:Creating package script '/home/xytron/xycar_ws/install/xycar_msgs/share/xycar_msgs/package.ps1'
[9.639s] INFO:colcon.colcon_core.shell:Creating package descriptor '/home/xytron/xycar_ws/install/xycar_msgs/share/xycar_msgs/package.dsv'
[9.640s] INFO:colcon.colcon_core.shell:Creating package script '/home/xytron/xycar_ws/install/xycar_msgs/share/xycar_msgs/package.sh'
[9.640s] INFO:colcon.colcon_core.shell:Creating package script '/home/xytron/xycar_ws/install/xycar_msgs/share/xycar_msgs/package.bash'
[9.641s] INFO:colcon.colcon_core.shell:Creating package script '/home/xytron/xycar_ws/install/xycar_msgs/share/xycar_msgs/package.zsh'
[9.641s] Level 1:colcon.colcon_core.environment:create_file_with_runtime_dependencies(/home/xytron/xycar_ws/install/xycar_msgs/share/colcon-core/packages/xycar_msgs)
[9.642s] INFO:colcon.colcon_ros.task.ament_python.build:Building ROS package in '/home/xytron/xycar_ws/src/kookmin9_viewer' with build type 'ament_python'
[9.642s] Level 1:colcon.colcon_core.shell:create_environment_hook('kookmin9_viewer', 'ament_prefix_path')
[9.642s] INFO:colcon.colcon_core.shell:Creating environment hook '/home/xytron/xycar_ws/install/kookmin9_viewer/share/kookmin9_viewer/hook/ament_prefix_path.ps1'
[9.644s] INFO:colcon.colcon_core.shell:Creating environment descriptor '/home/xytron/xycar_ws/install/kookmin9_viewer/share/kookmin9_viewer/hook/ament_prefix_path.dsv'
[9.645s] INFO:colcon.colcon_core.shell:Creating environment hook '/home/xytron/xycar_ws/install/kookmin9_viewer/share/kookmin9_viewer/hook/ament_prefix_path.sh'
[9.645s] INFO:colcon.colcon_core.shell:Skip shell extension 'powershell' for command environment: Not usable outside of PowerShell
[9.645s] DEBUG:colcon.colcon_core.shell:Skip shell extension 'dsv' for command environment
[9.649s] INFO:colcon.colcon_ros.task.ament_python.build:Building ROS package in '/home/xytron/xycar_ws/src/my_cam' with build type 'ament_python'
[9.649s] Level 1:colcon.colcon_core.shell:create_environment_hook('my_cam', 'ament_prefix_path')
[9.650s] INFO:colcon.colcon_core.shell:Creating environment hook '/home/xytron/xycar_ws/install/my_cam/share/my_cam/hook/ament_prefix_path.ps1'
[9.652s] INFO:colcon.colcon_core.shell:Creating environment descriptor '/home/xytron/xycar_ws/install/my_cam/share/my_cam/hook/ament_prefix_path.dsv'
[9.652s] INFO:colcon.colcon_core.shell:Creating environment hook '/home/xytron/xycar_ws/install/my_cam/share/my_cam/hook/ament_prefix_path.sh'
[9.653s] INFO:colcon.colcon_core.shell:Skip shell extension 'powershell' for command environment: Not usable outside of PowerShell
[9.653s] DEBUG:colcon.colcon_core.shell:Skip shell extension 'dsv' for command environment
[9.657s] INFO:colcon.colcon_ros.task.ament_python.build:Building ROS package in '/home/xytron/xycar_ws/src/my_lidar' with build type 'ament_python'
[9.657s] Level 1:colcon.colcon_core.shell:create_environment_hook('my_lidar', 'ament_prefix_path')
[9.658s] INFO:colcon.colcon_core.shell:Creating environment hook '/home/xytron/xycar_ws/install/my_lidar/share/my_lidar/hook/ament_prefix_path.ps1'
[9.660s] INFO:colcon.colcon_core.shell:Creating environment descriptor '/home/xytron/xycar_ws/install/my_lidar/share/my_lidar/hook/ament_prefix_path.dsv'
[9.661s] INFO:colcon.colcon_core.shell:Creating environment hook '/home/xytron/xycar_ws/install/my_lidar/share/my_lidar/hook/ament_prefix_path.sh'
[9.661s] INFO:colcon.colcon_core.shell:Skip shell extension 'powershell' for command environment: Not usable outside of PowerShell
[9.661s] DEBUG:colcon.colcon_core.shell:Skip shell extension 'dsv' for command environment
[9.993s] INFO:colcon.colcon_core.task.python.build:Building Python package in '/home/xytron/xycar_ws/src/kookmin9_viewer'
[9.994s] INFO:colcon.colcon_core.shell:Skip shell extension 'powershell' for command environment: Not usable outside of PowerShell
[9.994s] DEBUG:colcon.colcon_core.shell:Skip shell extension 'dsv' for command environment
[10.274s] INFO:colcon.colcon_core.task.python.build:Building Python package in '/home/xytron/xycar_ws/src/my_cam'
[10.274s] INFO:colcon.colcon_core.shell:Skip shell extension 'powershell' for command environment: Not usable outside of PowerShell
[10.274s] DEBUG:colcon.colcon_core.shell:Skip shell extension 'dsv' for command environment
[10.548s] INFO:colcon.colcon_core.task.python.build:Building Python package in '/home/xytron/xycar_ws/src/my_lidar'
[10.548s] INFO:colcon.colcon_core.shell:Skip shell extension 'powershell' for command environment: Not usable outside of PowerShell
[10.548s] DEBUG:colcon.colcon_core.shell:Skip shell extension 'dsv' for command environment
[10.985s] DEBUG:colcon.colcon_core.event_handler.log_command:Invoking command in '/home/xytron/xycar_ws/build/kookmin9_viewer': AMENT_PREFIX_PATH=/home/xytron/xycar_ws/install/xycar_msgs:${AMENT_PREFIX_PATH} CMAKE_PREFIX_PATH=/home/xytron/xycar_ws/install/xycar_msgs LD_LIBRARY_PATH=/home/xytron/xycar_ws/install/xycar_msgs/lib:${LD_LIBRARY_PATH} PYTHONPATH=/home/xytron/xycar_ws/build/kookmin9_viewer/prefix_override:/usr/lib/python3/dist-packages/colcon_core/task/python/colcon_distutils_commands:/home/xytron/xycar_ws/install/kookmin9_viewer/lib/python3.10/site-packages:/home/xytron/xycar_ws/install/xycar_msgs/local/lib/python3.10/dist-packages:${PYTHONPATH} /usr/bin/python3 -W ignore:setup.py install is deprecated -W ignore:easy_install command is deprecated setup.py develop --editable --build-directory /home/xytron/xycar_ws/build/kookmin9_viewer/build --no-deps symlink_data
[10.995s] DEBUG:colcon.colcon_core.event_handler.log_command:Invoking command in '/home/xytron/xycar_ws/build/my_cam': AMENT_PREFIX_PATH=/home/xytron/xycar_ws/install/xycar_msgs:${AMENT_PREFIX_PATH} CMAKE_PREFIX_PATH=/home/xytron/xycar_ws/install/xycar_msgs LD_LIBRARY_PATH=/home/xytron/xycar_ws/install/xycar_msgs/lib:${LD_LIBRARY_PATH} PYTHONPATH=/home/xytron/xycar_ws/build/my_cam/prefix_override:/usr/lib/python3/dist-packages/colcon_core/task/python/colcon_distutils_commands:/home/xytron/xycar_ws/install/my_cam/lib/python3.10/site-packages:/home/xytron/xycar_ws/install/xycar_msgs/local/lib/python3.10/dist-packages:${PYTHONPATH} /usr/bin/python3 -W ignore:setup.py install is deprecated -W ignore:easy_install command is deprecated setup.py develop --editable --build-directory /home/xytron/xycar_ws/build/my_cam/build --no-deps symlink_data
[11.081s] DEBUG:colcon.colcon_core.event_handler.log_command:Invoking command in '/home/xytron/xycar_ws/build/my_lidar': AMENT_PREFIX_PATH=/home/xytron/xycar_ws/install/xycar_msgs:${AMENT_PREFIX_PATH} CMAKE_PREFIX_PATH=/home/xytron/xycar_ws/install/xycar_msgs LD_LIBRARY_PATH=/home/xytron/xycar_ws/install/xycar_msgs/lib:${LD_LIBRARY_PATH} PYTHONPATH=/home/xytron/xycar_ws/build/my_lidar/prefix_override:/usr/lib/python3/dist-packages/colcon_core/task/python/colcon_distutils_commands:/home/xytron/xycar_ws/install/my_lidar/lib/python3.10/site-packages:/home/xytron/xycar_ws/install/xycar_msgs/local/lib/python3.10/dist-packages:${PYTHONPATH} /usr/bin/python3 -W ignore:setup.py install is deprecated -W ignore:easy_install command is deprecated setup.py develop --editable --build-directory /home/xytron/xycar_ws/build/my_lidar/build --no-deps symlink_data
[11.511s] Level 1:colcon.colcon_core.shell:create_environment_hook('kookmin9_viewer', 'pythonpath_develop')
[11.512s] INFO:colcon.colcon_core.shell:Creating environment hook '/home/xytron/xycar_ws/build/kookmin9_viewer/share/kookmin9_viewer/hook/pythonpath_develop.ps1'
[11.512s] DEBUG:colcon.colcon_core.event_handler.log_command:Invoked command in '/home/xytron/xycar_ws/build/kookmin9_viewer' returned '0': AMENT_PREFIX_PATH=/home/xytron/xycar_ws/install/xycar_msgs:${AMENT_PREFIX_PATH} CMAKE_PREFIX_PATH=/home/xytron/xycar_ws/install/xycar_msgs LD_LIBRARY_PATH=/home/xytron/xycar_ws/install/xycar_msgs/lib:${LD_LIBRARY_PATH} PYTHONPATH=/home/xytron/xycar_ws/build/kookmin9_viewer/prefix_override:/usr/lib/python3/dist-packages/colcon_core/task/python/colcon_distutils_commands:/home/xytron/xycar_ws/install/kookmin9_viewer/lib/python3.10/site-packages:/home/xytron/xycar_ws/install/xycar_msgs/local/lib/python3.10/dist-packages:${PYTHONPATH} /usr/bin/python3 -W ignore:setup.py install is deprecated -W ignore:easy_install command is deprecated setup.py develop --editable --build-directory /home/xytron/xycar_ws/build/kookmin9_viewer/build --no-deps symlink_data
[11.514s] INFO:colcon.colcon_core.shell:Creating environment descriptor '/home/xytron/xycar_ws/build/kookmin9_viewer/share/kookmin9_viewer/hook/pythonpath_develop.dsv'
[11.514s] INFO:colcon.colcon_core.shell:Creating environment hook '/home/xytron/xycar_ws/build/kookmin9_viewer/share/kookmin9_viewer/hook/pythonpath_develop.sh'
[11.515s] Level 1:colcon.colcon_core.environment:checking '/home/xytron/xycar_ws/install/kookmin9_viewer' for CMake module files
[11.515s] Level 1:colcon.colcon_core.environment:checking '/home/xytron/xycar_ws/install/kookmin9_viewer' for CMake config files
[11.515s] Level 1:colcon.colcon_core.environment:checking '/home/xytron/xycar_ws/install/kookmin9_viewer/lib'
[11.515s] Level 1:colcon.colcon_core.environment:checking '/home/xytron/xycar_ws/install/kookmin9_viewer/bin'
[11.515s] Level 1:colcon.colcon_core.environment:checking '/home/xytron/xycar_ws/install/kookmin9_viewer/lib/pkgconfig/kookmin9_viewer.pc'
[11.516s] Level 1:colcon.colcon_core.environment:checking '/home/xytron/xycar_ws/install/kookmin9_viewer/lib/python3.10/site-packages'
[11.516s] Level 1:colcon.colcon_core.shell:create_environment_hook('kookmin9_viewer', 'pythonpath')
[11.516s] INFO:colcon.colcon_core.shell:Creating environment hook '/home/xytron/xycar_ws/install/kookmin9_viewer/share/kookmin9_viewer/hook/pythonpath.ps1'
[11.516s] INFO:colcon.colcon_core.shell:Creating environment descriptor '/home/xytron/xycar_ws/install/kookmin9_viewer/share/kookmin9_viewer/hook/pythonpath.dsv'
[11.517s] INFO:colcon.colcon_core.shell:Creating environment hook '/home/xytron/xycar_ws/install/kookmin9_viewer/share/kookmin9_viewer/hook/pythonpath.sh'
[11.517s] Level 1:colcon.colcon_core.environment:checking '/home/xytron/xycar_ws/install/kookmin9_viewer/bin'
[11.517s] Level 1:colcon.colcon_core.environment:create_environment_scripts_only(kookmin9_viewer)
[11.518s] INFO:colcon.colcon_core.shell:Creating package script '/home/xytron/xycar_ws/install/kookmin9_viewer/share/kookmin9_viewer/package.ps1'
[11.519s] INFO:colcon.colcon_core.shell:Creating package descriptor '/home/xytron/xycar_ws/install/kookmin9_viewer/share/kookmin9_viewer/package.dsv'
[11.519s] INFO:colcon.colcon_core.shell:Creating package script '/home/xytron/xycar_ws/install/kookmin9_viewer/share/kookmin9_viewer/package.sh'
[11.519s] INFO:colcon.colcon_core.shell:Creating package script '/home/xytron/xycar_ws/install/kookmin9_viewer/share/kookmin9_viewer/package.bash'
[11.520s] INFO:colcon.colcon_core.shell:Creating package script '/home/xytron/xycar_ws/install/kookmin9_viewer/share/kookmin9_viewer/package.zsh'
[11.520s] Level 1:colcon.colcon_core.environment:create_file_with_runtime_dependencies(/home/xytron/xycar_ws/install/kookmin9_viewer/share/colcon-core/packages/kookmin9_viewer)
[11.523s] Level 1:colcon.colcon_core.shell:create_environment_hook('my_cam', 'pythonpath_develop')
[11.524s] DEBUG:colcon.colcon_core.event_handler.log_command:Invoked command in '/home/xytron/xycar_ws/build/my_cam' returned '0': AMENT_PREFIX_PATH=/home/xytron/xycar_ws/install/xycar_msgs:${AMENT_PREFIX_PATH} CMAKE_PREFIX_PATH=/home/xytron/xycar_ws/install/xycar_msgs LD_LIBRARY_PATH=/home/xytron/xycar_ws/install/xycar_msgs/lib:${LD_LIBRARY_PATH} PYTHONPATH=/home/xytron/xycar_ws/build/my_cam/prefix_override:/usr/lib/python3/dist-packages/colcon_core/task/python/colcon_distutils_commands:/home/xytron/xycar_ws/install/my_cam/lib/python3.10/site-packages:/home/xytron/xycar_ws/install/xycar_msgs/local/lib/python3.10/dist-packages:${PYTHONPATH} /usr/bin/python3 -W ignore:setup.py install is deprecated -W ignore:easy_install command is deprecated setup.py develop --editable --build-directory /home/xytron/xycar_ws/build/my_cam/build --no-deps symlink_data
[11.524s] INFO:colcon.colcon_core.shell:Creating environment hook '/home/xytron/xycar_ws/build/my_cam/share/my_cam/hook/pythonpath_develop.ps1'
[11.526s] INFO:colcon.colcon_core.shell:Creating environment descriptor '/home/xytron/xycar_ws/build/my_cam/share/my_cam/hook/pythonpath_develop.dsv'
[11.526s] INFO:colcon.colcon_core.shell:Creating environment hook '/home/xytron/xycar_ws/build/my_cam/share/my_cam/hook/pythonpath_develop.sh'
[11.527s] Level 1:colcon.colcon_core.environment:checking '/home/xytron/xycar_ws/install/my_cam' for CMake module files
[11.527s] Level 1:colcon.colcon_core.environment:checking '/home/xytron/xycar_ws/install/my_cam' for CMake config files
[11.527s] Level 1:colcon.colcon_core.environment:checking '/home/xytron/xycar_ws/install/my_cam/lib'
[11.527s] Level 1:colcon.colcon_core.environment:checking '/home/xytron/xycar_ws/install/my_cam/bin'
[11.528s] Level 1:colcon.colcon_core.environment:checking '/home/xytron/xycar_ws/install/my_cam/lib/pkgconfig/my_cam.pc'
[11.528s] Level 1:colcon.colcon_core.environment:checking '/home/xytron/xycar_ws/install/my_cam/lib/python3.10/site-packages'
[11.528s] Level 1:colcon.colcon_core.shell:create_environment_hook('my_cam', 'pythonpath')
[11.528s] INFO:colcon.colcon_core.shell:Creating environment hook '/home/xytron/xycar_ws/install/my_cam/share/my_cam/hook/pythonpath.ps1'
[11.531s] INFO:colcon.colcon_core.shell:Creating environment descriptor '/home/xytron/xycar_ws/install/my_cam/share/my_cam/hook/pythonpath.dsv'
[11.531s] INFO:colcon.colcon_core.shell:Creating environment hook '/home/xytron/xycar_ws/install/my_cam/share/my_cam/hook/pythonpath.sh'
[11.533s] Level 1:colcon.colcon_core.environment:checking '/home/xytron/xycar_ws/install/my_cam/bin'
[11.533s] Level 1:colcon.colcon_core.environment:create_environment_scripts_only(my_cam)
[11.534s] INFO:colcon.colcon_core.shell:Creating package script '/home/xytron/xycar_ws/install/my_cam/share/my_cam/package.ps1'
[11.537s] INFO:colcon.colcon_core.shell:Creating package descriptor '/home/xytron/xycar_ws/install/my_cam/share/my_cam/package.dsv'
[11.539s] INFO:colcon.colcon_core.shell:Creating package script '/home/xytron/xycar_ws/install/my_cam/share/my_cam/package.sh'
[11.540s] INFO:colcon.colcon_core.shell:Creating package script '/home/xytron/xycar_ws/install/my_cam/share/my_cam/package.bash'
[11.540s] INFO:colcon.colcon_core.shell:Creating package script '/home/xytron/xycar_ws/install/my_cam/share/my_cam/package.zsh'
[11.540s] Level 1:colcon.colcon_core.environment:create_file_with_runtime_dependencies(/home/xytron/xycar_ws/install/my_cam/share/colcon-core/packages/my_cam)
[11.581s] Level 1:colcon.colcon_core.shell:create_environment_hook('my_lidar', 'pythonpath_develop')
[11.582s] INFO:colcon.colcon_core.shell:Creating environment hook '/home/xytron/xycar_ws/build/my_lidar/share/my_lidar/hook/pythonpath_develop.ps1'
[11.583s] DEBUG:colcon.colcon_core.event_handler.log_command:Invoked command in '/home/xytron/xycar_ws/build/my_lidar' returned '0': AMENT_PREFIX_PATH=/home/xytron/xycar_ws/install/xycar_msgs:${AMENT_PREFIX_PATH} CMAKE_PREFIX_PATH=/home/xytron/xycar_ws/install/xycar_msgs LD_LIBRARY_PATH=/home/xytron/xycar_ws/install/xycar_msgs/lib:${LD_LIBRARY_PATH} PYTHONPATH=/home/xytron/xycar_ws/build/my_lidar/prefix_override:/usr/lib/python3/dist-packages/colcon_core/task/python/colcon_distutils_commands:/home/xytron/xycar_ws/install/my_lidar/lib/python3.10/site-packages:/home/xytron/xycar_ws/install/xycar_msgs/local/lib/python3.10/dist-packages:${PYTHONPATH} /usr/bin/python3 -W ignore:setup.py install is deprecated -W ignore:easy_install command is deprecated setup.py develop --editable --build-directory /home/xytron/xycar_ws/build/my_lidar/build --no-deps symlink_data
[11.584s] INFO:colcon.colcon_core.shell:Creating environment descriptor '/home/xytron/xycar_ws/build/my_lidar/share/my_lidar/hook/pythonpath_develop.dsv'
[11.584s] INFO:colcon.colcon_core.shell:Creating environment hook '/home/xytron/xycar_ws/build/my_lidar/share/my_lidar/hook/pythonpath_develop.sh'
[11.585s] Level 1:colcon.colcon_core.environment:checking '/home/xytron/xycar_ws/install/my_lidar' for CMake module files
[11.585s] Level 1:colcon.colcon_core.environment:checking '/home/xytron/xycar_ws/install/my_lidar' for CMake config files
[11.586s] Level 1:colcon.colcon_core.environment:checking '/home/xytron/xycar_ws/install/my_lidar/lib'
[11.586s] Level 1:colcon.colcon_core.environment:checking '/home/xytron/xycar_ws/install/my_lidar/bin'
[11.586s] Level 1:colcon.colcon_core.environment:checking '/home/xytron/xycar_ws/install/my_lidar/lib/pkgconfig/my_lidar.pc'
[11.586s] Level 1:colcon.colcon_core.environment:checking '/home/xytron/xycar_ws/install/my_lidar/lib/python3.10/site-packages'
[11.586s] Level 1:colcon.colcon_core.shell:create_environment_hook('my_lidar', 'pythonpath')
[11.587s] INFO:colcon.colcon_core.shell:Creating environment hook '/home/xytron/xycar_ws/install/my_lidar/share/my_lidar/hook/pythonpath.ps1'
[11.587s] INFO:colcon.colcon_core.shell:Creating environment descriptor '/home/xytron/xycar_ws/install/my_lidar/share/my_lidar/hook/pythonpath.dsv'
[11.587s] INFO:colcon.colcon_core.shell:Creating environment hook '/home/xytron/xycar_ws/install/my_lidar/share/my_lidar/hook/pythonpath.sh'
[11.588s] Level 1:colcon.colcon_core.environment:checking '/home/xytron/xycar_ws/install/my_lidar/bin'
[11.588s] Level 1:colcon.colcon_core.environment:create_environment_scripts_only(my_lidar)
[11.588s] INFO:colcon.colcon_core.shell:Creating package script '/home/xytron/xycar_ws/install/my_lidar/share/my_lidar/package.ps1'
[11.589s] INFO:colcon.colcon_core.shell:Creating package descriptor '/home/xytron/xycar_ws/install/my_lidar/share/my_lidar/package.dsv'
[11.589s] INFO:colcon.colcon_core.shell:Creating package script '/home/xytron/xycar_ws/install/my_lidar/share/my_lidar/package.sh'
[11.590s] INFO:colcon.colcon_core.shell:Creating package script '/home/xytron/xycar_ws/install/my_lidar/share/my_lidar/package.bash'
[11.590s] INFO:colcon.colcon_core.shell:Creating package script '/home/xytron/xycar_ws/install/my_lidar/share/my_lidar/package.zsh'
[11.590s] Level 1:colcon.colcon_core.environment:create_file_with_runtime_dependencies(/home/xytron/xycar_ws/install/my_lidar/share/colcon-core/packages/my_lidar)
[11.591s] DEBUG:colcon.colcon_parallel_executor.executor.parallel:closing loop
[11.592s] DEBUG:colcon.colcon_parallel_executor.executor.parallel:loop closed
[11.592s] DEBUG:colcon.colcon_parallel_executor.executor.parallel:run_until_complete finished with '0'
[11.592s] DEBUG:colcon.colcon_core.event_reactor:joining thread
[11.652s] INFO:colcon.colcon_core.plugin_system:Skipping extension 'colcon_notification.desktop_notification.notify_send': Could not find 'notify-send'
[11.652s] INFO:colcon.colcon_core.plugin_system:Skipping extension 'colcon_notification.desktop_notification.terminal_notifier': Not used on non-Darwin systems
[11.652s] INFO:colcon.colcon_core.plugin_system:Skipping extension 'colcon_notification.desktop_notification.win32': Not used on non-Windows systems
[11.652s] INFO:colcon.colcon_notification.desktop_notification:Sending desktop notification using 'notify2'
[11.652s] DEBUG:colcon.colcon_notification.desktop_notification.notify2:Failed to initialize notify2: org.freedesktop.DBus.Error.FileNotFound: Failed to connect to socket /run/user/1000/bus: No such file or directory
[11.652s] DEBUG:colcon.colcon_core.event_reactor:joined thread
[11.653s] INFO:colcon.colcon_core.shell:Creating prefix script '/home/xytron/xycar_ws/install/local_setup.ps1'
[11.654s] INFO:colcon.colcon_core.shell:Creating prefix util module '/home/xytron/xycar_ws/install/_local_setup_util_ps1.py'
[11.656s] INFO:colcon.colcon_core.shell:Creating prefix chain script '/home/xytron/xycar_ws/install/setup.ps1'
[11.657s] INFO:colcon.colcon_core.shell:Creating prefix script '/home/xytron/xycar_ws/install/local_setup.sh'
[11.658s] INFO:colcon.colcon_core.shell:Creating prefix util module '/home/xytron/xycar_ws/install/_local_setup_util_sh.py'
[11.658s] INFO:colcon.colcon_core.shell:Creating prefix chain script '/home/xytron/xycar_ws/install/setup.sh'
[11.659s] INFO:colcon.colcon_core.shell:Creating prefix script '/home/xytron/xycar_ws/install/local_setup.bash'
[11.660s] INFO:colcon.colcon_core.shell:Creating prefix chain script '/home/xytron/xycar_ws/install/setup.bash'
[11.661s] INFO:colcon.colcon_core.shell:Creating prefix script '/home/xytron/xycar_ws/install/local_setup.zsh'
[11.662s] INFO:colcon.colcon_core.shell:Creating prefix chain script '/home/xytron/xycar_ws/install/setup.zsh'
