[1.342s] Invoking command in '/home/xytron/xycar_ws/build/kookmin9_viewer': AMENT_PREFIX_PATH=/home/xytron/xycar_ws/install/xycar_msgs:${AMENT_PREFIX_PATH} CMAKE_PREFIX_PATH=/home/xytron/xycar_ws/install/xycar_msgs LD_LIBRARY_PATH=/home/xytron/xycar_ws/install/xycar_msgs/lib:${LD_LIBRARY_PATH} PYTHONPATH=/home/xytron/xycar_ws/build/kookmin9_viewer/prefix_override:/usr/lib/python3/dist-packages/colcon_core/task/python/colcon_distutils_commands:/home/xytron/xycar_ws/install/kookmin9_viewer/lib/python3.10/site-packages:/home/xytron/xycar_ws/install/xycar_msgs/local/lib/python3.10/dist-packages:${PYTHONPATH} /usr/bin/python3 -W ignore:setup.py install is deprecated -W ignore:easy_install command is deprecated setup.py develop --editable --build-directory /home/xytron/xycar_ws/build/kookmin9_viewer/build --no-deps symlink_data
[1.636s] running develop
[1.806s] running egg_info
[1.806s] creating kookmin9_viewer.egg-info
[1.806s] writing kookmin9_viewer.egg-info/PKG-INFO
[1.807s] writing dependency_links to kookmin9_viewer.egg-info/dependency_links.txt
[1.807s] writing entry points to kookmin9_viewer.egg-info/entry_points.txt
[1.807s] writing requirements to kookmin9_viewer.egg-info/requires.txt
[1.807s] writing top-level names to kookmin9_viewer.egg-info/top_level.txt
[1.808s] writing manifest file 'kookmin9_viewer.egg-info/SOURCES.txt'
[1.809s] reading manifest file 'kookmin9_viewer.egg-info/SOURCES.txt'
[1.810s] writing manifest file 'kookmin9_viewer.egg-info/SOURCES.txt'
[1.811s] running build_ext
[1.811s] Creating /home/xytron/xycar_ws/install/kookmin9_viewer/lib/python3.10/site-packages/kookmin9-viewer.egg-link (link to .)
[1.813s] Installing test_viewer script to /home/xytron/xycar_ws/install/kookmin9_viewer/lib/kookmin9_viewer
[1.814s] 
[1.814s] Installed /home/xytron/xycar_ws/build/kookmin9_viewer
[1.814s] running symlink_data
[1.814s] creating /home/xytron/xycar_ws/install/kookmin9_viewer/share/ament_index
[1.814s] creating /home/xytron/xycar_ws/install/kookmin9_viewer/share/ament_index/resource_index
[1.815s] creating /home/xytron/xycar_ws/install/kookmin9_viewer/share/ament_index/resource_index/packages
[1.815s] symbolically linking /home/xytron/xycar_ws/build/kookmin9_viewer/resource/kookmin9_viewer -> /home/xytron/xycar_ws/install/kookmin9_viewer/share/ament_index/resource_index/packages
[1.816s] symbolically linking /home/xytron/xycar_ws/build/kookmin9_viewer/package.xml -> /home/xytron/xycar_ws/install/kookmin9_viewer/share/kookmin9_viewer
[1.869s] Invoked command in '/home/xytron/xycar_ws/build/kookmin9_viewer' returned '0': AMENT_PREFIX_PATH=/home/xytron/xycar_ws/install/xycar_msgs:${AMENT_PREFIX_PATH} CMAKE_PREFIX_PATH=/home/xytron/xycar_ws/install/xycar_msgs LD_LIBRARY_PATH=/home/xytron/xycar_ws/install/xycar_msgs/lib:${LD_LIBRARY_PATH} PYTHONPATH=/home/xytron/xycar_ws/build/kookmin9_viewer/prefix_override:/usr/lib/python3/dist-packages/colcon_core/task/python/colcon_distutils_commands:/home/xytron/xycar_ws/install/kookmin9_viewer/lib/python3.10/site-packages:/home/xytron/xycar_ws/install/xycar_msgs/local/lib/python3.10/dist-packages:${PYTHONPATH} /usr/bin/python3 -W ignore:setup.py install is deprecated -W ignore:easy_install command is deprecated setup.py develop --editable --build-directory /home/xytron/xycar_ws/build/kookmin9_viewer/build --no-deps symlink_data
