[1.424s] Invoking command in '/home/xytron/xycar_ws/build/my_lidar': AMENT_PREFIX_PATH=/home/xytron/xycar_ws/install/xycar_msgs:${AMENT_PREFIX_PATH} CMAKE_PREFIX_PATH=/home/xytron/xycar_ws/install/xycar_msgs LD_LIBRARY_PATH=/home/xytron/xycar_ws/install/xycar_msgs/lib:${LD_LIBRARY_PATH} PYTHONPATH=/home/xytron/xycar_ws/build/my_lidar/prefix_override:/usr/lib/python3/dist-packages/colcon_core/task/python/colcon_distutils_commands:/home/xytron/xycar_ws/install/my_lidar/lib/python3.10/site-packages:/home/xytron/xycar_ws/install/xycar_msgs/local/lib/python3.10/dist-packages:${PYTHONPATH} /usr/bin/python3 -W ignore:setup.py install is deprecated -W ignore:easy_install command is deprecated setup.py develop --editable --build-directory /home/xytron/xycar_ws/build/my_lidar/build --no-deps symlink_data
[1.710s] running develop
[1.872s] running egg_info
[1.872s] creating my_lidar.egg-info
[1.873s] writing my_lidar.egg-info/PKG-INFO
[1.873s] writing dependency_links to my_lidar.egg-info/dependency_links.txt
[1.873s] writing entry points to my_lidar.egg-info/entry_points.txt
[1.873s] writing requirements to my_lidar.egg-info/requires.txt
[1.873s] writing top-level names to my_lidar.egg-info/top_level.txt
[1.874s] writing manifest file 'my_lidar.egg-info/SOURCES.txt'
[1.875s] reading manifest file 'my_lidar.egg-info/SOURCES.txt'
[1.875s] writing manifest file 'my_lidar.egg-info/SOURCES.txt'
[1.878s] running build_ext
[1.878s] Creating /home/xytron/xycar_ws/install/my_lidar/lib/python3.10/site-packages/my-lidar.egg-link (link to .)
[1.879s] Installing lidar_scan script to /home/xytron/xycar_ws/install/my_lidar/lib/my_lidar
[1.879s] Installing lidar_viewer script to /home/xytron/xycar_ws/install/my_lidar/lib/my_lidar
[1.879s] 
[1.880s] Installed /home/xytron/xycar_ws/build/my_lidar
[1.880s] running symlink_data
[1.880s] creating /home/xytron/xycar_ws/install/my_lidar/share/ament_index
[1.881s] creating /home/xytron/xycar_ws/install/my_lidar/share/ament_index/resource_index
[1.882s] creating /home/xytron/xycar_ws/install/my_lidar/share/ament_index/resource_index/packages
[1.882s] symbolically linking /home/xytron/xycar_ws/build/my_lidar/resource/my_lidar -> /home/xytron/xycar_ws/install/my_lidar/share/ament_index/resource_index/packages
[1.882s] symbolically linking /home/xytron/xycar_ws/build/my_lidar/package.xml -> /home/xytron/xycar_ws/install/my_lidar/share/my_lidar
[1.925s] Invoked command in '/home/xytron/xycar_ws/build/my_lidar' returned '0': AMENT_PREFIX_PATH=/home/xytron/xycar_ws/install/xycar_msgs:${AMENT_PREFIX_PATH} CMAKE_PREFIX_PATH=/home/xytron/xycar_ws/install/xycar_msgs LD_LIBRARY_PATH=/home/xytron/xycar_ws/install/xycar_msgs/lib:${LD_LIBRARY_PATH} PYTHONPATH=/home/xytron/xycar_ws/build/my_lidar/prefix_override:/usr/lib/python3/dist-packages/colcon_core/task/python/colcon_distutils_commands:/home/xytron/xycar_ws/install/my_lidar/lib/python3.10/site-packages:/home/xytron/xycar_ws/install/xycar_msgs/local/lib/python3.10/dist-packages:${PYTHONPATH} /usr/bin/python3 -W ignore:setup.py install is deprecated -W ignore:easy_install command is deprecated setup.py develop --editable --build-directory /home/xytron/xycar_ws/build/my_lidar/build --no-deps symlink_data
