[1.918s] Invoking command in '/home/xytron/xycar_ws/build/my_imu': PYTHONPATH=/home/xytron/xycar_ws/build/my_imu/prefix_override:/usr/lib/python3/dist-packages/colcon_core/task/python/colcon_distutils_commands:/home/xytron/xycar_ws/install/my_imu/lib/python3.10/site-packages:${PYTHONPATH} /usr/bin/python3 -W ignore:setup.py install is deprecated -W ignore:easy_install command is deprecated setup.py develop --editable --build-directory /home/xytron/xycar_ws/build/my_imu/build --no-deps symlink_data
[2.231s] running develop
[2.404s] running egg_info
[2.404s] creating my_imu.egg-info
[2.405s] writing my_imu.egg-info/PKG-INFO
[2.405s] writing dependency_links to my_imu.egg-info/dependency_links.txt
[2.406s] writing entry points to my_imu.egg-info/entry_points.txt
[2.406s] writing requirements to my_imu.egg-info/requires.txt
[2.406s] writing top-level names to my_imu.egg-info/top_level.txt
[2.406s] writing manifest file 'my_imu.egg-info/SOURCES.txt'
[2.409s] reading manifest file 'my_imu.egg-info/SOURCES.txt'
[2.409s] writing manifest file 'my_imu.egg-info/SOURCES.txt'
[2.411s] running build_ext
[2.412s] Creating /home/xytron/xycar_ws/install/my_imu/lib/python3.10/site-packages/my-imu.egg-link (link to .)
[2.413s] Installing roll_pitch_yaw script to /home/xytron/xycar_ws/install/my_imu/lib/my_imu
[2.414s] 
[2.414s] Installed /home/xytron/xycar_ws/build/my_imu
[2.415s] running symlink_data
[2.415s] creating /home/xytron/xycar_ws/install/my_imu/share/ament_index
[2.415s] creating /home/xytron/xycar_ws/install/my_imu/share/ament_index/resource_index
[2.417s] creating /home/xytron/xycar_ws/install/my_imu/share/ament_index/resource_index/packages
[2.417s] symbolically linking /home/xytron/xycar_ws/build/my_imu/resource/my_imu -> /home/xytron/xycar_ws/install/my_imu/share/ament_index/resource_index/packages
[2.417s] symbolically linking /home/xytron/xycar_ws/build/my_imu/package.xml -> /home/xytron/xycar_ws/install/my_imu/share/my_imu
[2.478s] Invoked command in '/home/xytron/xycar_ws/build/my_imu' returned '0': PYTHONPATH=/home/xytron/xycar_ws/build/my_imu/prefix_override:/usr/lib/python3/dist-packages/colcon_core/task/python/colcon_distutils_commands:/home/xytron/xycar_ws/install/my_imu/lib/python3.10/site-packages:${PYTHONPATH} /usr/bin/python3 -W ignore:setup.py install is deprecated -W ignore:easy_install command is deprecated setup.py develop --editable --build-directory /home/xytron/xycar_ws/build/my_imu/build --no-deps symlink_data
