[1.898s] Invoking command in '/home/xytron/xycar_ws/build/track_drive': PYTHONPATH=/home/xytron/xycar_ws/build/track_drive/prefix_override:/usr/lib/python3/dist-packages/colcon_core/task/python/colcon_distutils_commands:/home/xytron/xycar_ws/install/track_drive/lib/python3.10/site-packages:${PYTHONPATH} /usr/bin/python3 -W ignore:setup.py install is deprecated -W ignore:easy_install command is deprecated setup.py develop --editable --build-directory /home/xytron/xycar_ws/build/track_drive/build --no-deps symlink_data
[2.204s] running develop
[2.383s] running egg_info
[2.384s] creating track_drive.egg-info
[2.384s] writing track_drive.egg-info/PKG-INFO
[2.385s] writing dependency_links to track_drive.egg-info/dependency_links.txt
[2.385s] writing entry points to track_drive.egg-info/entry_points.txt
[2.385s] writing requirements to track_drive.egg-info/requires.txt
[2.386s] writing top-level names to track_drive.egg-info/top_level.txt
[2.386s] writing manifest file 'track_drive.egg-info/SOURCES.txt'
[2.387s] reading manifest file 'track_drive.egg-info/SOURCES.txt'
[2.388s] writing manifest file 'track_drive.egg-info/SOURCES.txt'
[2.390s] running build_ext
[2.390s] Creating /home/xytron/xycar_ws/install/track_drive/lib/python3.10/site-packages/track-drive.egg-link (link to .)
[2.391s] Installing track_drive script to /home/xytron/xycar_ws/install/track_drive/lib/track_drive
[2.393s] 
[2.394s] Installed /home/xytron/xycar_ws/build/track_drive
[2.394s] running symlink_data
[2.395s] creating /home/xytron/xycar_ws/install/track_drive/share/ament_index
[2.395s] creating /home/xytron/xycar_ws/install/track_drive/share/ament_index/resource_index
[2.396s] creating /home/xytron/xycar_ws/install/track_drive/share/ament_index/resource_index/packages
[2.396s] symbolically linking /home/xytron/xycar_ws/build/track_drive/resource/track_drive -> /home/xytron/xycar_ws/install/track_drive/share/ament_index/resource_index/packages
[2.396s] symbolically linking /home/xytron/xycar_ws/build/track_drive/package.xml -> /home/xytron/xycar_ws/install/track_drive/share/track_drive
[2.396s] creating /home/xytron/xycar_ws/install/track_drive/share/track_drive/launch
[2.493s] Invoked command in '/home/xytron/xycar_ws/build/track_drive' returned '0': PYTHONPATH=/home/xytron/xycar_ws/build/track_drive/prefix_override:/usr/lib/python3/dist-packages/colcon_core/task/python/colcon_distutils_commands:/home/xytron/xycar_ws/install/track_drive/lib/python3.10/site-packages:${PYTHONPATH} /usr/bin/python3 -W ignore:setup.py install is deprecated -W ignore:easy_install command is deprecated setup.py develop --editable --build-directory /home/xytron/xycar_ws/build/track_drive/build --no-deps symlink_data
